{"C:\\Users\\Dato\\projects\\business\\react-native-jumpstart\\src\\components\\EditScreenInfo.tsx": {"path":"C:\\Users\\Dato\\projects\\business\\react-native-jumpstart\\src\\components\\EditScreenInfo.tsx","statementMap":{"0":{"start":{"line":11,"column":2},"end":{"line":46,"column":4}},"1":{"start":{"line":49,"column":15},"end":{"line":77,"column":2}}},"fnMap":{"0":{"name":"EditScreenInfo","decl":{"start":{"line":10,"column":24},"end":{"line":10,"column":38}},"loc":{"start":{"line":10,"column":67},"end":{"line":47,"column":1}},"line":10}},"branchMap":{},"s":{"0":0,"1":0},"f":{"0":0},"b":{}}
,"C:\\Users\\Dato\\projects\\business\\react-native-jumpstart\\src\\components\\ExternalLink.tsx": {"path":"C:\\Users\\Dato\\projects\\business\\react-native-jumpstart\\src\\components\\ExternalLink.tsx","statementMap":{"0":{"start":{"line":9,"column":2},"end":{"line":24,"column":4}},"1":{"start":{"line":16,"column":8},"end":{"line":21,"column":9}},"2":{"start":{"line":18,"column":10},"end":{"line":18,"column":29}},"3":{"start":{"line":20,"column":10},"end":{"line":20,"column":60}}},"fnMap":{"0":{"name":"ExternalLink","decl":{"start":{"line":6,"column":16},"end":{"line":6,"column":28}},"loc":{"start":{"line":8,"column":2},"end":{"line":25,"column":1}},"line":8},"1":{"name":"(anonymous_1)","decl":{"start":{"line":15,"column":15},"end":{"line":15,"column":16}},"loc":{"start":{"line":15,"column":22},"end":{"line":22,"column":7}},"line":15}},"branchMap":{"0":{"loc":{"start":{"line":16,"column":8},"end":{"line":21,"column":9}},"type":"if","locations":[{"start":{"line":16,"column":8},"end":{"line":21,"column":9}},{"start":{},"end":{}}],"line":16}},"s":{"0":0,"1":0,"2":0,"3":0},"f":{"0":0,"1":0},"b":{"0":[0,0]}}
,"C:\\Users\\Dato\\projects\\business\\react-native-jumpstart\\src\\components\\StyledText.tsx": {"path":"C:\\Users\\Dato\\projects\\business\\react-native-jumpstart\\src\\components\\StyledText.tsx","statementMap":{"0":{"start":{"line":4,"column":2},"end":{"line":4,"column":80}}},"fnMap":{"0":{"name":"MonoText","decl":{"start":{"line":3,"column":16},"end":{"line":3,"column":24}},"loc":{"start":{"line":3,"column":43},"end":{"line":5,"column":1}},"line":3}},"branchMap":{},"s":{"0":0},"f":{"0":0},"b":{}}
,"C:\\Users\\Dato\\projects\\business\\react-native-jumpstart\\src\\components\\Themed.tsx": {"path":"C:\\Users\\Dato\\projects\\business\\react-native-jumpstart\\src\\components\\Themed.tsx","statementMap":{"0":{"start":{"line":23,"column":16},"end":{"line":23,"column":43}},"1":{"start":{"line":24,"column":25},"end":{"line":24,"column":37}},"2":{"start":{"line":26,"column":2},"end":{"line":30,"column":3}},"3":{"start":{"line":27,"column":4},"end":{"line":27,"column":26}},"4":{"start":{"line":29,"column":4},"end":{"line":29,"column":36}},"5":{"start":{"line":34,"column":58},"end":{"line":34,"column":63}},"6":{"start":{"line":35,"column":16},"end":{"line":35,"column":77}},"7":{"start":{"line":37,"column":2},"end":{"line":37,"column":68}},"8":{"start":{"line":41,"column":58},"end":{"line":41,"column":63}},"9":{"start":{"line":42,"column":26},"end":{"line":42,"column":93}},"10":{"start":{"line":44,"column":2},"end":{"line":44,"column":78}}},"fnMap":{"0":{"name":"useThemeColor","decl":{"start":{"line":19,"column":16},"end":{"line":19,"column":29}},"loc":{"start":{"line":22,"column":2},"end":{"line":31,"column":1}},"line":22},"1":{"name":"Text","decl":{"start":{"line":33,"column":16},"end":{"line":33,"column":20}},"loc":{"start":{"line":33,"column":39},"end":{"line":38,"column":1}},"line":33},"2":{"name":"View","decl":{"start":{"line":40,"column":16},"end":{"line":40,"column":20}},"loc":{"start":{"line":40,"column":39},"end":{"line":45,"column":1}},"line":40}},"branchMap":{"0":{"loc":{"start":{"line":23,"column":16},"end":{"line":23,"column":43}},"type":"binary-expr","locations":[{"start":{"line":23,"column":16},"end":{"line":23,"column":32}},{"start":{"line":23,"column":36},"end":{"line":23,"column":43}}],"line":23},"1":{"loc":{"start":{"line":26,"column":2},"end":{"line":30,"column":3}},"type":"if","locations":[{"start":{"line":26,"column":2},"end":{"line":30,"column":3}},{"start":{"line":28,"column":9},"end":{"line":30,"column":3}}],"line":26}},"s":{"0":0,"1":0,"2":0,"3":0,"4":0,"5":0,"6":0,"7":0,"8":0,"9":0,"10":0},"f":{"0":0,"1":0,"2":0},"b":{"0":[0,0],"1":[0,0]}}
,"C:\\Users\\Dato\\projects\\business\\react-native-jumpstart\\src\\components\\auth\\GoogleSignInButton.tsx": {"path":"C:\\Users\\Dato\\projects\\business\\react-native-jumpstart\\src\\components\\auth\\GoogleSignInButton.tsx","statementMap":{"0":{"start":{"line":12,"column":29},"end":{"line":12,"column":73}},"1":{"start":{"line":16,"column":17},"end":{"line":16,"column":65}},"2":{"start":{"line":27,"column":16},"end":{"line":27,"column":32}},"3":{"start":{"line":28,"column":36},"end":{"line":28,"column":51}},"4":{"start":{"line":29,"column":42},"end":{"line":29,"column":57}},"5":{"start":{"line":30,"column":54},"end":{"line":30,"column":135}},"6":{"start":{"line":32,"column":2},"end":{"line":62,"column":9}},"7":{"start":{"line":34,"column":4},"end":{"line":37,"column":5}},"8":{"start":{"line":35,"column":6},"end":{"line":35,"column":86}},"9":{"start":{"line":36,"column":6},"end":{"line":36,"column":13}},"10":{"start":{"line":40,"column":4},"end":{"line":43,"column":5}},"11":{"start":{"line":41,"column":6},"end":{"line":41,"column":79}},"12":{"start":{"line":42,"column":6},"end":{"line":42,"column":13}},"13":{"start":{"line":46,"column":29},"end":{"line":59,"column":5}},"14":{"start":{"line":47,"column":6},"end":{"line":58,"column":7}},"15":{"start":{"line":48,"column":23},"end":{"line":48,"column":80}},"16":{"start":{"line":49,"column":8},"end":{"line":49,"column":38}},"17":{"start":{"line":51,"column":8},"end":{"line":53,"column":11}},"18":{"start":{"line":54,"column":8},"end":{"line":54,"column":30}},"19":{"start":{"line":57,"column":8},"end":{"line":57,"column":76}},"20":{"start":{"line":61,"column":4},"end":{"line":61,"column":23}},"21":{"start":{"line":64,"column":23},"end":{"line":132,"column":3}},"22":{"start":{"line":65,"column":4},"end":{"line":68,"column":5}},"23":{"start":{"line":66,"column":6},"end":{"line":66,"column":63}},"24":{"start":{"line":67,"column":6},"end":{"line":67,"column":13}},"25":{"start":{"line":71,"column":6},"end":{"line":71,"column":24}},"26":{"start":{"line":73,"column":4},"end":{"line":73,"column":23}},"27":{"start":{"line":74,"column":4},"end":{"line":74,"column":63}},"28":{"start":{"line":76,"column":4},"end":{"line":131,"column":5}},"29":{"start":{"line":78,"column":6},"end":{"line":78,"column":43}},"30":{"start":{"line":81,"column":23},"end":{"line":81,"column":50}},"31":{"start":{"line":83,"column":6},"end":{"line":95,"column":7}},"32":{"start":{"line":84,"column":28},"end":{"line":84,"column":41}},"33":{"start":{"line":86,"column":8},"end":{"line":88,"column":9}},"34":{"start":{"line":87,"column":10},"end":{"line":87,"column":62}},"35":{"start":{"line":91,"column":26},"end":{"line":91,"column":57}},"36":{"start":{"line":92,"column":8},"end":{"line":92,"column":31}},"37":{"start":{"line":92,"column":19},"end":{"line":92,"column":31}},"38":{"start":{"line":94,"column":8},"end":{"line":94,"column":67}},"39":{"start":{"line":97,"column":6},"end":{"line":128,"column":7}},"40":{"start":{"line":98,"column":8},"end":{"line":121,"column":9}},"41":{"start":{"line":101,"column":12},"end":{"line":101,"column":18}},"42":{"start":{"line":103,"column":12},"end":{"line":106,"column":15}},"43":{"start":{"line":107,"column":12},"end":{"line":107,"column":18}},"44":{"start":{"line":109,"column":12},"end":{"line":112,"column":15}},"45":{"start":{"line":113,"column":12},"end":{"line":113,"column":74}},"46":{"start":{"line":114,"column":12},"end":{"line":114,"column":18}},"47":{"start":{"line":116,"column":12},"end":{"line":119,"column":15}},"48":{"start":{"line":120,"column":12},"end":{"line":120,"column":75}},"49":{"start":{"line":123,"column":8},"end":{"line":126,"column":11}},"50":{"start":{"line":127,"column":8},"end":{"line":127,"column":71}},"51":{"start":{"line":130,"column":6},"end":{"line":130,"column":26}},"52":{"start":{"line":135,"column":2},"end":{"line":137,"column":3}},"53":{"start":{"line":136,"column":4},"end":{"line":136,"column":16}},"54":{"start":{"line":139,"column":2},"end":{"line":149,"column":4}}},"fnMap":{"0":{"name":"GoogleSignInButton","decl":{"start":{"line":23,"column":16},"end":{"line":23,"column":34}},"loc":{"start":{"line":26,"column":28},"end":{"line":150,"column":1}},"line":26},"1":{"name":"(anonymous_1)","decl":{"start":{"line":32,"column":12},"end":{"line":32,"column":13}},"loc":{"start":{"line":32,"column":18},"end":{"line":62,"column":3}},"line":32},"2":{"name":"(anonymous_2)","decl":{"start":{"line":46,"column":29},"end":{"line":46,"column":30}},"loc":{"start":{"line":46,"column":41},"end":{"line":59,"column":5}},"line":46},"3":{"name":"(anonymous_3)","decl":{"start":{"line":64,"column":23},"end":{"line":64,"column":24}},"loc":{"start":{"line":64,"column":35},"end":{"line":132,"column":3}},"line":64}},"branchMap":{"0":{"loc":{"start":{"line":25,"column":2},"end":{"line":25,"column":26}},"type":"default-arg","locations":[{"start":{"line":25,"column":19},"end":{"line":25,"column":26}}],"line":25},"1":{"loc":{"start":{"line":34,"column":4},"end":{"line":37,"column":5}},"type":"if","locations":[{"start":{"line":34,"column":4},"end":{"line":37,"column":5}},{"start":{},"end":{}}],"line":34},"2":{"loc":{"start":{"line":40,"column":4},"end":{"line":43,"column":5}},"type":"if","locations":[{"start":{"line":40,"column":4},"end":{"line":43,"column":5}},{"start":{},"end":{}}],"line":40},"3":{"loc":{"start":{"line":65,"column":4},"end":{"line":68,"column":5}},"type":"if","locations":[{"start":{"line":65,"column":4},"end":{"line":68,"column":5}},{"start":{},"end":{}}],"line":65},"4":{"loc":{"start":{"line":65,"column":8},"end":{"line":65,"column":44}},"type":"binary-expr","locations":[{"start":{"line":65,"column":8},"end":{"line":65,"column":27}},{"start":{"line":65,"column":31},"end":{"line":65,"column":44}}],"line":65},"5":{"loc":{"start":{"line":83,"column":6},"end":{"line":95,"column":7}},"type":"if","locations":[{"start":{"line":83,"column":6},"end":{"line":95,"column":7}},{"start":{},"end":{}}],"line":83},"6":{"loc":{"start":{"line":86,"column":8},"end":{"line":88,"column":9}},"type":"if","locations":[{"start":{"line":86,"column":8},"end":{"line":88,"column":9}},{"start":{},"end":{}}],"line":86},"7":{"loc":{"start":{"line":92,"column":8},"end":{"line":92,"column":31}},"type":"if","locations":[{"start":{"line":92,"column":8},"end":{"line":92,"column":31}},{"start":{},"end":{}}],"line":92},"8":{"loc":{"start":{"line":97,"column":6},"end":{"line":128,"column":7}},"type":"if","locations":[{"start":{"line":97,"column":6},"end":{"line":128,"column":7}},{"start":{"line":122,"column":13},"end":{"line":128,"column":7}}],"line":97},"9":{"loc":{"start":{"line":98,"column":8},"end":{"line":121,"column":9}},"type":"switch","locations":[{"start":{"line":99,"column":10},"end":{"line":101,"column":18}},{"start":{"line":102,"column":10},"end":{"line":107,"column":18}},{"start":{"line":108,"column":10},"end":{"line":114,"column":18}},{"start":{"line":115,"column":10},"end":{"line":120,"column":75}}],"line":98},"10":{"loc":{"start":{"line":120,"column":33},"end":{"line":120,"column":73}},"type":"binary-expr","locations":[{"start":{"line":120,"column":33},"end":{"line":120,"column":46}},{"start":{"line":120,"column":50},"end":{"line":120,"column":73}}],"line":120},"11":{"loc":{"start":{"line":127,"column":29},"end":{"line":127,"column":69}},"type":"binary-expr","locations":[{"start":{"line":127,"column":29},"end":{"line":127,"column":42}},{"start":{"line":127,"column":46},"end":{"line":127,"column":69}}],"line":127},"12":{"loc":{"start":{"line":135,"column":2},"end":{"line":137,"column":3}},"type":"if","locations":[{"start":{"line":135,"column":2},"end":{"line":137,"column":3}},{"start":{},"end":{}}],"line":135},"13":{"loc":{"start":{"line":135,"column":6},"end":{"line":135,"column":56}},"type":"binary-expr","locations":[{"start":{"line":135,"column":6},"end":{"line":135,"column":14}},{"start":{"line":135,"column":18},"end":{"line":135,"column":39}},{"start":{"line":135,"column":43},"end":{"line":135,"column":56}}],"line":135},"14":{"loc":{"start":{"line":145,"column":16},"end":{"line":145,"column":37}},"type":"binary-expr","locations":[{"start":{"line":145,"column":16},"end":{"line":145,"column":24}},{"start":{"line":145,"column":28},"end":{"line":145,"column":37}}],"line":145}},"s":{"0":0,"1":0,"2":0,"3":0,"4":0,"5":0,"6":0,"7":0,"8":0,"9":0,"10":0,"11":0,"12":0,"13":0,"14":0,"15":0,"16":0,"17":0,"18":0,"19":0,"20":0,"21":0,"22":0,"23":0,"24":0,"25":0,"26":0,"27":0,"28":0,"29":0,"30":0,"31":0,"32":0,"33":0,"34":0,"35":0,"36":0,"37":0,"38":0,"39":0,"40":0,"41":0,"42":0,"43":0,"44":0,"45":0,"46":0,"47":0,"48":0,"49":0,"50":0,"51":0,"52":0,"53":0,"54":0},"f":{"0":0,"1":0,"2":0,"3":0},"b":{"0":[0],"1":[0,0],"2":[0,0],"3":[0,0],"4":[0,0],"5":[0,0],"6":[0,0],"7":[0,0],"8":[0,0],"9":[0,0,0,0],"10":[0,0],"11":[0,0],"12":[0,0],"13":[0,0,0],"14":[0,0]}}
,"C:\\Users\\Dato\\projects\\business\\react-native-jumpstart\\src\\components\\forms\\FormInput.tsx": {"path":"C:\\Users\\Dato\\projects\\business\\react-native-jumpstart\\src\\components\\forms\\FormInput.tsx","statementMap":{"0":{"start":{"line":14,"column":2},"end":{"line":28,"column":4}},"1":{"start":{"line":19,"column":8},"end":{"line":25,"column":10}}},"fnMap":{"0":{"name":"FormInput","decl":{"start":{"line":9,"column":16},"end":{"line":9,"column":25}},"loc":{"start":{"line":13,"column":22},"end":{"line":29,"column":1}},"line":13},"1":{"name":"(anonymous_1)","decl":{"start":{"line":18,"column":14},"end":{"line":18,"column":15}},"loc":{"start":{"line":19,"column":8},"end":{"line":25,"column":10}},"line":19}},"branchMap":{},"s":{"0":0,"1":0},"f":{"0":0,"1":0},"b":{}}
,"C:\\Users\\Dato\\projects\\business\\react-native-jumpstart\\src\\components\\ui\\Button.tsx": {"path":"C:\\Users\\Dato\\projects\\business\\react-native-jumpstart\\src\\components\\ui\\Button.tsx","statementMap":{"0":{"start":{"line":12,"column":23},"end":{"line":36,"column":1}},"1":{"start":{"line":38,"column":27},"end":{"line":59,"column":2}},"2":{"start":{"line":72,"column":15},"end":{"line":139,"column":1}},"3":{"start":{"line":88,"column":23},"end":{"line":88,"column":44}},"4":{"start":{"line":92,"column":6},"end":{"line":92,"column":81}},"5":{"start":{"line":94,"column":4},"end":{"line":137,"column":6}},"6":{"start":{"line":141,"column":0},"end":{"line":141,"column":30}}},"fnMap":{"0":{"name":"(anonymous_0)","decl":{"start":{"line":73,"column":2},"end":{"line":73,"column":3}},"loc":{"start":{"line":87,"column":7},"end":{"line":138,"column":3}},"line":87}},"branchMap":{"0":{"loc":{"start":{"line":88,"column":23},"end":{"line":88,"column":44}},"type":"binary-expr","locations":[{"start":{"line":88,"column":23},"end":{"line":88,"column":31}},{"start":{"line":88,"column":35},"end":{"line":88,"column":44}}],"line":88},"1":{"loc":{"start":{"line":92,"column":6},"end":{"line":92,"column":81}},"type":"binary-expr","locations":[{"start":{"line":92,"column":6},"end":{"line":92,"column":24}},{"start":{"line":92,"column":29},"end":{"line":92,"column":80}}],"line":92},"2":{"loc":{"start":{"line":92,"column":29},"end":{"line":92,"column":80}},"type":"cond-expr","locations":[{"start":{"line":92,"column":60},"end":{"line":92,"column":68}},{"start":{"line":92,"column":71},"end":{"line":92,"column":80}}],"line":92},"3":{"loc":{"start":{"line":99,"column":10},"end":{"line":99,"column":36}},"type":"binary-expr","locations":[{"start":{"line":99,"column":10},"end":{"line":99,"column":20}},{"start":{"line":99,"column":24},"end":{"line":99,"column":36}}],"line":99},"4":{"loc":{"start":{"line":112,"column":9},"end":{"line":135,"column":9}},"type":"cond-expr","locations":[{"start":{"line":113,"column":10},"end":{"line":116,"column":12}},{"start":{"line":118,"column":10},"end":{"line":134,"column":13}}],"line":112},"5":{"loc":{"start":{"line":115,"column":19},"end":{"line":115,"column":90}},"type":"cond-expr","locations":[{"start":{"line":115,"column":72},"end":{"line":115,"column":78}},{"start":{"line":115,"column":81},"end":{"line":115,"column":90}}],"line":115},"6":{"loc":{"start":{"line":115,"column":19},"end":{"line":115,"column":69}},"type":"binary-expr","locations":[{"start":{"line":115,"column":19},"end":{"line":115,"column":40}},{"start":{"line":115,"column":44},"end":{"line":115,"column":69}}],"line":115},"7":{"loc":{"start":{"line":119,"column":13},"end":{"line":119,"column":40}},"type":"binary-expr","locations":[{"start":{"line":119,"column":13},"end":{"line":119,"column":21}},{"start":{"line":119,"column":25},"end":{"line":119,"column":40}}],"line":119},"8":{"loc":{"start":{"line":120,"column":13},"end":{"line":132,"column":13}},"type":"cond-expr","locations":[{"start":{"line":121,"column":14},"end":{"line":129,"column":21}},{"start":{"line":131,"column":14},"end":{"line":131,"column":22}}],"line":120},"9":{"loc":{"start":{"line":124,"column":18},"end":{"line":124,"column":36}},"type":"binary-expr","locations":[{"start":{"line":124,"column":18},"end":{"line":124,"column":26}},{"start":{"line":124,"column":30},"end":{"line":124,"column":36}}],"line":124},"10":{"loc":{"start":{"line":125,"column":18},"end":{"line":125,"column":37}},"type":"binary-expr","locations":[{"start":{"line":125,"column":18},"end":{"line":125,"column":27}},{"start":{"line":125,"column":31},"end":{"line":125,"column":37}}],"line":125},"11":{"loc":{"start":{"line":133,"column":13},"end":{"line":133,"column":42}},"type":"binary-expr","locations":[{"start":{"line":133,"column":13},"end":{"line":133,"column":22}},{"start":{"line":133,"column":26},"end":{"line":133,"column":42}}],"line":133}},"s":{"0":0,"1":0,"2":0,"3":0,"4":0,"5":0,"6":0},"f":{"0":0},"b":{"0":[0,0],"1":[0,0],"2":[0,0],"3":[0,0],"4":[0,0],"5":[0,0],"6":[0,0],"7":[0,0],"8":[0,0],"9":[0,0],"10":[0,0],"11":[0,0]}}
,"C:\\Users\\Dato\\projects\\business\\react-native-jumpstart\\src\\components\\ui\\Card.tsx": {"path":"C:\\Users\\Dato\\projects\\business\\react-native-jumpstart\\src\\components\\ui\\Card.tsx","statementMap":{"0":{"start":{"line":8,"column":13},"end":{"line":22,"column":1}},"1":{"start":{"line":9,"column":2},"end":{"line":21,"column":4}},"2":{"start":{"line":24,"column":19},"end":{"line":30,"column":1}},"3":{"start":{"line":25,"column":2},"end":{"line":29,"column":4}},"4":{"start":{"line":32,"column":18},"end":{"line":50,"column":1}},"5":{"start":{"line":37,"column":2},"end":{"line":49,"column":4}},"6":{"start":{"line":52,"column":20},"end":{"line":58,"column":1}},"7":{"start":{"line":53,"column":2},"end":{"line":57,"column":4}},"8":{"start":{"line":60,"column":19},"end":{"line":66,"column":1}},"9":{"start":{"line":61,"column":2},"end":{"line":65,"column":4}}},"fnMap":{"0":{"name":"(anonymous_0)","decl":{"start":{"line":8,"column":13},"end":{"line":8,"column":14}},"loc":{"start":{"line":8,"column":84},"end":{"line":22,"column":1}},"line":8},"1":{"name":"(anonymous_1)","decl":{"start":{"line":24,"column":19},"end":{"line":24,"column":20}},"loc":{"start":{"line":24,"column":69},"end":{"line":30,"column":1}},"line":24},"2":{"name":"(anonymous_2)","decl":{"start":{"line":32,"column":18},"end":{"line":32,"column":19}},"loc":{"start":{"line":36,"column":49},"end":{"line":50,"column":1}},"line":36},"3":{"name":"(anonymous_3)","decl":{"start":{"line":52,"column":20},"end":{"line":52,"column":21}},"loc":{"start":{"line":52,"column":70},"end":{"line":58,"column":1}},"line":52},"4":{"name":"(anonymous_4)","decl":{"start":{"line":60,"column":19},"end":{"line":60,"column":20}},"loc":{"start":{"line":60,"column":69},"end":{"line":66,"column":1}},"line":60}},"branchMap":{"0":{"loc":{"start":{"line":8,"column":27},"end":{"line":8,"column":46}},"type":"default-arg","locations":[{"start":{"line":8,"column":37},"end":{"line":8,"column":46}}],"line":8},"1":{"loc":{"start":{"line":13,"column":8},"end":{"line":13,"column":61}},"type":"binary-expr","locations":[{"start":{"line":13,"column":8},"end":{"line":13,"column":30}},{"start":{"line":13,"column":34},"end":{"line":13,"column":61}}],"line":13},"2":{"loc":{"start":{"line":14,"column":8},"end":{"line":14,"column":89}},"type":"binary-expr","locations":[{"start":{"line":14,"column":8},"end":{"line":14,"column":30}},{"start":{"line":14,"column":34},"end":{"line":14,"column":89}}],"line":14},"3":{"loc":{"start":{"line":39,"column":7},"end":{"line":47,"column":7}},"type":"cond-expr","locations":[{"start":{"line":40,"column":8},"end":{"line":44,"column":15}},{"start":{"line":46,"column":8},"end":{"line":46,"column":16}}],"line":39}},"s":{"0":0,"1":0,"2":0,"3":0,"4":0,"5":0,"6":0,"7":0,"8":0,"9":0},"f":{"0":0,"1":0,"2":0,"3":0,"4":0},"b":{"0":[0],"1":[0,0],"2":[0,0],"3":[0,0]}}
,"C:\\Users\\Dato\\projects\\business\\react-native-jumpstart\\src\\components\\ui\\Input.tsx": {"path":"C:\\Users\\Dato\\projects\\business\\react-native-jumpstart\\src\\components\\ui\\Input.tsx","statementMap":{"0":{"start":{"line":21,"column":14},"end":{"line":98,"column":1}},"1":{"start":{"line":36,"column":54},"end":{"line":36,"column":69}},"2":{"start":{"line":37,"column":23},"end":{"line":37,"column":52}},"3":{"start":{"line":39,"column":4},"end":{"line":96,"column":6}},"4":{"start":{"line":72,"column":29},"end":{"line":72,"column":69}},"5":{"start":{"line":100,"column":0},"end":{"line":100,"column":28}}},"fnMap":{"0":{"name":"(anonymous_0)","decl":{"start":{"line":22,"column":2},"end":{"line":22,"column":3}},"loc":{"start":{"line":35,"column":7},"end":{"line":97,"column":3}},"line":35},"1":{"name":"(anonymous_1)","decl":{"start":{"line":72,"column":23},"end":{"line":72,"column":24}},"loc":{"start":{"line":72,"column":29},"end":{"line":72,"column":69}},"line":72}},"branchMap":{"0":{"loc":{"start":{"line":41,"column":9},"end":{"line":45,"column":9}},"type":"binary-expr","locations":[{"start":{"line":41,"column":9},"end":{"line":41,"column":14}},{"start":{"line":42,"column":10},"end":{"line":44,"column":17}}],"line":41},"1":{"loc":{"start":{"line":49,"column":12},"end":{"line":51,"column":89}},"type":"cond-expr","locations":[{"start":{"line":50,"column":16},"end":{"line":50,"column":32}},{"start":{"line":51,"column":16},"end":{"line":51,"column":89}}],"line":49},"2":{"loc":{"start":{"line":54,"column":11},"end":{"line":54,"column":63}},"type":"binary-expr","locations":[{"start":{"line":54,"column":11},"end":{"line":54,"column":19}},{"start":{"line":54,"column":23},"end":{"line":54,"column":63}}],"line":54},"3":{"loc":{"start":{"line":62,"column":29},"end":{"line":62,"column":61}},"type":"binary-expr","locations":[{"start":{"line":62,"column":29},"end":{"line":62,"column":39}},{"start":{"line":62,"column":43},"end":{"line":62,"column":61}}],"line":62},"4":{"loc":{"start":{"line":67,"column":31},"end":{"line":67,"column":63}},"type":"cond-expr","locations":[{"start":{"line":67,"column":39},"end":{"line":67,"column":56}},{"start":{"line":67,"column":59},"end":{"line":67,"column":63}}],"line":67},"5":{"loc":{"start":{"line":70,"column":11},"end":{"line":86,"column":11}},"type":"binary-expr","locations":[{"start":{"line":70,"column":11},"end":{"line":70,"column":21}},{"start":{"line":71,"column":12},"end":{"line":85,"column":31}}],"line":70},"6":{"loc":{"start":{"line":76,"column":16},"end":{"line":76,"column":69}},"type":"cond-expr","locations":[{"start":{"line":76,"column":36},"end":{"line":76,"column":51}},{"start":{"line":76,"column":54},"end":{"line":76,"column":69}}],"line":76},"7":{"loc":{"start":{"line":81,"column":22},"end":{"line":81,"column":75}},"type":"cond-expr","locations":[{"start":{"line":81,"column":42},"end":{"line":81,"column":59}},{"start":{"line":81,"column":62},"end":{"line":81,"column":75}}],"line":81},"8":{"loc":{"start":{"line":87,"column":11},"end":{"line":87,"column":80}},"type":"binary-expr","locations":[{"start":{"line":87,"column":11},"end":{"line":87,"column":20}},{"start":{"line":87,"column":24},"end":{"line":87,"column":35}},{"start":{"line":87,"column":39},"end":{"line":87,"column":80}}],"line":87},"9":{"loc":{"start":{"line":89,"column":9},"end":{"line":91,"column":9}},"type":"binary-expr","locations":[{"start":{"line":89,"column":9},"end":{"line":89,"column":14}},{"start":{"line":90,"column":10},"end":{"line":90,"column":70}}],"line":89},"10":{"loc":{"start":{"line":92,"column":9},"end":{"line":94,"column":9}},"type":"binary-expr","locations":[{"start":{"line":92,"column":9},"end":{"line":92,"column":13}},{"start":{"line":92,"column":17},"end":{"line":92,"column":23}},{"start":{"line":93,"column":10},"end":{"line":93,"column":75}}],"line":92}},"s":{"0":0,"1":0,"2":0,"3":0,"4":0,"5":0},"f":{"0":0,"1":0},"b":{"0":[0,0],"1":[0,0],"2":[0,0],"3":[0,0],"4":[0,0],"5":[0,0],"6":[0,0],"7":[0,0],"8":[0,0,0],"9":[0,0],"10":[0,0,0]}}
,"C:\\Users\\Dato\\projects\\business\\react-native-jumpstart\\src\\components\\ui\\index.ts": {"path":"C:\\Users\\Dato\\projects\\business\\react-native-jumpstart\\src\\components\\ui\\index.ts","statementMap":{},"fnMap":{},"branchMap":{},"s":{},"f":{},"b":{}}
,"C:\\Users\\Dato\\projects\\business\\react-native-jumpstart\\src\\constants\\Colors.ts": {"path":"C:\\Users\\Dato\\projects\\business\\react-native-jumpstart\\src\\constants\\Colors.ts","statementMap":{"0":{"start":{"line":1,"column":23},"end":{"line":1,"column":32}},"1":{"start":{"line":2,"column":22},"end":{"line":2,"column":28}}},"fnMap":{},"branchMap":{},"s":{"0":0,"1":0},"f":{},"b":{}}
,"C:\\Users\\Dato\\projects\\business\\react-native-jumpstart\\src\\hooks\\useAuth.ts": {"path":"C:\\Users\\Dato\\projects\\business\\react-native-jumpstart\\src\\hooks\\useAuth.ts","statementMap":{"0":{"start":{"line":28,"column":23},"end":{"line":161,"column":1}},"1":{"start":{"line":29,"column":17},"end":{"line":29,"column":28}},"2":{"start":{"line":31,"column":4},"end":{"line":31,"column":18}},"3":{"start":{"line":34,"column":2},"end":{"line":55,"column":28}},"4":{"start":{"line":35,"column":24},"end":{"line":52,"column":6}},"5":{"start":{"line":36,"column":6},"end":{"line":36,"column":28}},"6":{"start":{"line":37,"column":6},"end":{"line":37,"column":24}},"7":{"start":{"line":39,"column":6},"end":{"line":51,"column":7}},"8":{"start":{"line":41,"column":8},"end":{"line":44,"column":11}},"9":{"start":{"line":45,"column":8},"end":{"line":45,"column":73}},"10":{"start":{"line":46,"column":8},"end":{"line":46,"column":62}},"11":{"start":{"line":48,"column":8},"end":{"line":48,"column":26}},"12":{"start":{"line":49,"column":8},"end":{"line":49,"column":23}},"13":{"start":{"line":50,"column":8},"end":{"line":50,"column":44}},"14":{"start":{"line":54,"column":4},"end":{"line":54,"column":31}},"15":{"start":{"line":54,"column":17},"end":{"line":54,"column":30}},"16":{"start":{"line":57,"column":17},"end":{"line":71,"column":3}},"17":{"start":{"line":59,"column":6},"end":{"line":59,"column":23}},"18":{"start":{"line":60,"column":6},"end":{"line":68,"column":7}},"19":{"start":{"line":61,"column":32},"end":{"line":61,"column":78}},"20":{"start":{"line":62,"column":8},"end":{"line":62,"column":31}},"21":{"start":{"line":62,"column":19},"end":{"line":62,"column":31}},"22":{"start":{"line":63,"column":8},"end":{"line":63,"column":37}},"23":{"start":{"line":65,"column":8},"end":{"line":65,"column":37}},"24":{"start":{"line":67,"column":8},"end":{"line":67,"column":26}},"25":{"start":{"line":73,"column":17},"end":{"line":87,"column":3}},"26":{"start":{"line":75,"column":6},"end":{"line":75,"column":23}},"27":{"start":{"line":76,"column":6},"end":{"line":84,"column":7}},"28":{"start":{"line":77,"column":32},"end":{"line":77,"column":78}},"29":{"start":{"line":78,"column":8},"end":{"line":78,"column":31}},"30":{"start":{"line":78,"column":19},"end":{"line":78,"column":31}},"31":{"start":{"line":79,"column":8},"end":{"line":79,"column":37}},"32":{"start":{"line":81,"column":8},"end":{"line":81,"column":37}},"33":{"start":{"line":83,"column":8},"end":{"line":83,"column":26}},"34":{"start":{"line":89,"column":26},"end":{"line":105,"column":3}},"35":{"start":{"line":91,"column":6},"end":{"line":91,"column":23}},"36":{"start":{"line":92,"column":6},"end":{"line":102,"column":7}},"37":{"start":{"line":94,"column":8},"end":{"line":94,"column":64}},"38":{"start":{"line":95,"column":32},"end":{"line":95,"column":72}},"39":{"start":{"line":96,"column":8},"end":{"line":96,"column":31}},"40":{"start":{"line":96,"column":19},"end":{"line":96,"column":31}},"41":{"start":{"line":97,"column":8},"end":{"line":97,"column":37}},"42":{"start":{"line":99,"column":8},"end":{"line":99,"column":37}},"43":{"start":{"line":101,"column":8},"end":{"line":101,"column":26}},"44":{"start":{"line":107,"column":26},"end":{"line":118,"column":18}},"45":{"start":{"line":108,"column":4},"end":{"line":108,"column":21}},"46":{"start":{"line":109,"column":4},"end":{"line":117,"column":5}},"47":{"start":{"line":110,"column":30},"end":{"line":110,"column":61}},"48":{"start":{"line":111,"column":6},"end":{"line":111,"column":29}},"49":{"start":{"line":111,"column":17},"end":{"line":111,"column":29}},"50":{"start":{"line":112,"column":6},"end":{"line":112,"column":35}},"51":{"start":{"line":114,"column":6},"end":{"line":114,"column":35}},"52":{"start":{"line":116,"column":6},"end":{"line":116,"column":24}},"53":{"start":{"line":120,"column":18},"end":{"line":132,"column":34}},"54":{"start":{"line":121,"column":4},"end":{"line":121,"column":21}},"55":{"start":{"line":122,"column":4},"end":{"line":131,"column":5}},"56":{"start":{"line":123,"column":24},"end":{"line":123,"column":47}},"57":{"start":{"line":124,"column":6},"end":{"line":124,"column":29}},"58":{"start":{"line":124,"column":17},"end":{"line":124,"column":29}},"59":{"start":{"line":125,"column":6},"end":{"line":125,"column":15}},"60":{"start":{"line":126,"column":6},"end":{"line":126,"column":38}},"61":{"start":{"line":128,"column":6},"end":{"line":128,"column":46}},"62":{"start":{"line":130,"column":6},"end":{"line":130,"column":24}},"63":{"start":{"line":134,"column":25},"end":{"line":148,"column":3}},"64":{"start":{"line":136,"column":6},"end":{"line":136,"column":23}},"65":{"start":{"line":137,"column":6},"end":{"line":145,"column":7}},"66":{"start":{"line":138,"column":32},"end":{"line":138,"column":66}},"67":{"start":{"line":139,"column":8},"end":{"line":139,"column":31}},"68":{"start":{"line":139,"column":19},"end":{"line":139,"column":31}},"69":{"start":{"line":140,"column":8},"end":{"line":140,"column":37}},"70":{"start":{"line":142,"column":8},"end":{"line":142,"column":37}},"71":{"start":{"line":144,"column":8},"end":{"line":144,"column":26}},"72":{"start":{"line":150,"column":2},"end":{"line":160,"column":4}}},"fnMap":{"0":{"name":"(anonymous_0)","decl":{"start":{"line":28,"column":23},"end":{"line":28,"column":24}},"loc":{"start":{"line":28,"column":29},"end":{"line":161,"column":1}},"line":28},"1":{"name":"(anonymous_1)","decl":{"start":{"line":34,"column":12},"end":{"line":34,"column":13}},"loc":{"start":{"line":34,"column":18},"end":{"line":55,"column":3}},"line":34},"2":{"name":"(anonymous_2)","decl":{"start":{"line":35,"column":43},"end":{"line":35,"column":44}},"loc":{"start":{"line":35,"column":61},"end":{"line":52,"column":5}},"line":35},"3":{"name":"(anonymous_3)","decl":{"start":{"line":54,"column":11},"end":{"line":54,"column":12}},"loc":{"start":{"line":54,"column":17},"end":{"line":54,"column":30}},"line":54},"4":{"name":"(anonymous_4)","decl":{"start":{"line":58,"column":4},"end":{"line":58,"column":5}},"loc":{"start":{"line":58,"column":47},"end":{"line":69,"column":5}},"line":58},"5":{"name":"(anonymous_5)","decl":{"start":{"line":74,"column":4},"end":{"line":74,"column":5}},"loc":{"start":{"line":74,"column":47},"end":{"line":85,"column":5}},"line":74},"6":{"name":"(anonymous_6)","decl":{"start":{"line":90,"column":4},"end":{"line":90,"column":5}},"loc":{"start":{"line":90,"column":29},"end":{"line":103,"column":5}},"line":90},"7":{"name":"(anonymous_7)","decl":{"start":{"line":107,"column":38},"end":{"line":107,"column":39}},"loc":{"start":{"line":107,"column":50},"end":{"line":118,"column":3}},"line":107},"8":{"name":"(anonymous_8)","decl":{"start":{"line":120,"column":30},"end":{"line":120,"column":31}},"loc":{"start":{"line":120,"column":42},"end":{"line":132,"column":3}},"line":120},"9":{"name":"(anonymous_9)","decl":{"start":{"line":135,"column":4},"end":{"line":135,"column":5}},"loc":{"start":{"line":135,"column":29},"end":{"line":146,"column":5}},"line":135}},"branchMap":{"0":{"loc":{"start":{"line":39,"column":6},"end":{"line":51,"column":7}},"type":"if","locations":[{"start":{"line":39,"column":6},"end":{"line":51,"column":7}},{"start":{"line":47,"column":13},"end":{"line":51,"column":7}}],"line":39},"1":{"loc":{"start":{"line":43,"column":17},"end":{"line":43,"column":48}},"type":"binary-expr","locations":[{"start":{"line":43,"column":17},"end":{"line":43,"column":35}},{"start":{"line":43,"column":39},"end":{"line":43,"column":48}}],"line":43},"2":{"loc":{"start":{"line":62,"column":8},"end":{"line":62,"column":31}},"type":"if","locations":[{"start":{"line":62,"column":8},"end":{"line":62,"column":31}},{"start":{},"end":{}}],"line":62},"3":{"loc":{"start":{"line":78,"column":8},"end":{"line":78,"column":31}},"type":"if","locations":[{"start":{"line":78,"column":8},"end":{"line":78,"column":31}},{"start":{},"end":{}}],"line":78},"4":{"loc":{"start":{"line":96,"column":8},"end":{"line":96,"column":31}},"type":"if","locations":[{"start":{"line":96,"column":8},"end":{"line":96,"column":31}},{"start":{},"end":{}}],"line":96},"5":{"loc":{"start":{"line":111,"column":6},"end":{"line":111,"column":29}},"type":"if","locations":[{"start":{"line":111,"column":6},"end":{"line":111,"column":29}},{"start":{},"end":{}}],"line":111},"6":{"loc":{"start":{"line":124,"column":6},"end":{"line":124,"column":29}},"type":"if","locations":[{"start":{"line":124,"column":6},"end":{"line":124,"column":29}},{"start":{},"end":{}}],"line":124},"7":{"loc":{"start":{"line":139,"column":8},"end":{"line":139,"column":31}},"type":"if","locations":[{"start":{"line":139,"column":8},"end":{"line":139,"column":31}},{"start":{},"end":{}}],"line":139}},"s":{"0":0,"1":0,"2":0,"3":0,"4":0,"5":0,"6":0,"7":0,"8":0,"9":0,"10":0,"11":0,"12":0,"13":0,"14":0,"15":0,"16":0,"17":0,"18":0,"19":0,"20":0,"21":0,"22":0,"23":0,"24":0,"25":0,"26":0,"27":0,"28":0,"29":0,"30":0,"31":0,"32":0,"33":0,"34":0,"35":0,"36":0,"37":0,"38":0,"39":0,"40":0,"41":0,"42":0,"43":0,"44":0,"45":0,"46":0,"47":0,"48":0,"49":0,"50":0,"51":0,"52":0,"53":0,"54":0,"55":0,"56":0,"57":0,"58":0,"59":0,"60":0,"61":0,"62":0,"63":0,"64":0,"65":0,"66":0,"67":0,"68":0,"69":0,"70":0,"71":0,"72":0},"f":{"0":0,"1":0,"2":0,"3":0,"4":0,"5":0,"6":0,"7":0,"8":0,"9":0},"b":{"0":[0,0],"1":[0,0],"2":[0,0],"3":[0,0],"4":[0,0],"5":[0,0],"6":[0,0],"7":[0,0]}}
,"C:\\Users\\Dato\\projects\\business\\react-native-jumpstart\\src\\hooks\\useColorScheme.ts": {"path":"C:\\Users\\Dato\\projects\\business\\react-native-jumpstart\\src\\hooks\\useColorScheme.ts","statementMap":{"0":{"start":{"line":6,"column":30},"end":{"line":15,"column":1}},"1":{"start":{"line":7,"column":28},"end":{"line":7,"column":50}},"2":{"start":{"line":8,"column":20},"end":{"line":8,"column":33}},"3":{"start":{"line":10,"column":2},"end":{"line":12,"column":3}},"4":{"start":{"line":11,"column":4},"end":{"line":11,"column":40}},"5":{"start":{"line":14,"column":2},"end":{"line":14,"column":15}},"6":{"start":{"line":17,"column":24},"end":{"line":47,"column":1}},"7":{"start":{"line":18,"column":22},"end":{"line":18,"column":38}},"8":{"start":{"line":19,"column":30},"end":{"line":19,"column":43}},"9":{"start":{"line":21,"column":17},"end":{"line":21,"column":39}},"10":{"start":{"line":23,"column":22},"end":{"line":31,"column":3}},"11":{"start":{"line":24,"column":4},"end":{"line":30,"column":5}},"12":{"start":{"line":25,"column":6},"end":{"line":25,"column":23}},"13":{"start":{"line":26,"column":11},"end":{"line":30,"column":5}},"14":{"start":{"line":27,"column":6},"end":{"line":27,"column":25}},"15":{"start":{"line":29,"column":6},"end":{"line":29,"column":24}},"16":{"start":{"line":33,"column":24},"end":{"line":33,"column":47}},"17":{"start":{"line":33,"column":30},"end":{"line":33,"column":47}},"18":{"start":{"line":34,"column":23},"end":{"line":34,"column":45}},"19":{"start":{"line":34,"column":29},"end":{"line":34,"column":45}},"20":{"start":{"line":35,"column":25},"end":{"line":35,"column":49}},"21":{"start":{"line":35,"column":31},"end":{"line":35,"column":49}},"22":{"start":{"line":37,"column":2},"end":{"line":46,"column":4}}},"fnMap":{"0":{"name":"(anonymous_0)","decl":{"start":{"line":6,"column":30},"end":{"line":6,"column":31}},"loc":{"start":{"line":6,"column":49},"end":{"line":15,"column":1}},"line":6},"1":{"name":"(anonymous_1)","decl":{"start":{"line":17,"column":24},"end":{"line":17,"column":25}},"loc":{"start":{"line":17,"column":30},"end":{"line":47,"column":1}},"line":17},"2":{"name":"(anonymous_2)","decl":{"start":{"line":23,"column":22},"end":{"line":23,"column":23}},"loc":{"start":{"line":23,"column":28},"end":{"line":31,"column":3}},"line":23},"3":{"name":"(anonymous_3)","decl":{"start":{"line":33,"column":24},"end":{"line":33,"column":25}},"loc":{"start":{"line":33,"column":30},"end":{"line":33,"column":47}},"line":33},"4":{"name":"(anonymous_4)","decl":{"start":{"line":34,"column":23},"end":{"line":34,"column":24}},"loc":{"start":{"line":34,"column":29},"end":{"line":34,"column":45}},"line":34},"5":{"name":"(anonymous_5)","decl":{"start":{"line":35,"column":25},"end":{"line":35,"column":26}},"loc":{"start":{"line":35,"column":31},"end":{"line":35,"column":49}},"line":35}},"branchMap":{"0":{"loc":{"start":{"line":10,"column":2},"end":{"line":12,"column":3}},"type":"if","locations":[{"start":{"line":10,"column":2},"end":{"line":12,"column":3}},{"start":{},"end":{}}],"line":10},"1":{"loc":{"start":{"line":11,"column":11},"end":{"line":11,"column":39}},"type":"binary-expr","locations":[{"start":{"line":11,"column":11},"end":{"line":11,"column":28}},{"start":{"line":11,"column":32},"end":{"line":11,"column":39}}],"line":11},"2":{"loc":{"start":{"line":24,"column":4},"end":{"line":30,"column":5}},"type":"if","locations":[{"start":{"line":24,"column":4},"end":{"line":30,"column":5}},{"start":{"line":26,"column":11},"end":{"line":30,"column":5}}],"line":24},"3":{"loc":{"start":{"line":26,"column":11},"end":{"line":30,"column":5}},"type":"if","locations":[{"start":{"line":26,"column":11},"end":{"line":30,"column":5}},{"start":{"line":28,"column":11},"end":{"line":30,"column":5}}],"line":26}},"s":{"0":0,"1":0,"2":0,"3":0,"4":0,"5":0,"6":0,"7":0,"8":0,"9":0,"10":0,"11":0,"12":0,"13":0,"14":0,"15":0,"16":0,"17":0,"18":0,"19":0,"20":0,"21":0,"22":0},"f":{"0":0,"1":0,"2":0,"3":0,"4":0,"5":0},"b":{"0":[0,0],"1":[0,0],"2":[0,0],"3":[0,0]}}
,"C:\\Users\\Dato\\projects\\business\\react-native-jumpstart\\src\\hooks\\useSubscription.ts": {"path":"C:\\Users\\Dato\\projects\\business\\react-native-jumpstart\\src\\hooks\\useSubscription.ts","statementMap":{"0":{"start":{"line":14,"column":28},"end":{"line":14,"column":37}},"1":{"start":{"line":16,"column":31},"end":{"line":135,"column":1}},"2":{"start":{"line":17,"column":42},"end":{"line":17,"column":77}},"3":{"start":{"line":18,"column":36},"end":{"line":18,"column":68}},"4":{"start":{"line":19,"column":36},"end":{"line":19,"column":50}},"5":{"start":{"line":20,"column":42},"end":{"line":20,"column":57}},"6":{"start":{"line":21,"column":28},"end":{"line":21,"column":57}},"7":{"start":{"line":23,"column":36},"end":{"line":23,"column":49}},"8":{"start":{"line":26,"column":2},"end":{"line":65,"column":19}},"9":{"start":{"line":27,"column":22},"end":{"line":50,"column":5}},"10":{"start":{"line":28,"column":6},"end":{"line":49,"column":7}},"11":{"start":{"line":29,"column":8},"end":{"line":29,"column":27}},"12":{"start":{"line":32,"column":21},"end":{"line":32,"column":44}},"13":{"start":{"line":33,"column":8},"end":{"line":33,"column":30}},"14":{"start":{"line":36,"column":27},"end":{"line":36,"column":70}},"15":{"start":{"line":37,"column":8},"end":{"line":37,"column":31}},"16":{"start":{"line":40,"column":32},"end":{"line":40,"column":52}},"17":{"start":{"line":41,"column":8},"end":{"line":43,"column":9}},"18":{"start":{"line":42,"column":10},"end":{"line":42,"column":58}},"19":{"start":{"line":45,"column":8},"end":{"line":45,"column":64}},"20":{"start":{"line":46,"column":8},"end":{"line":46,"column":30}},"21":{"start":{"line":48,"column":8},"end":{"line":48,"column":28}},"22":{"start":{"line":52,"column":4},"end":{"line":52,"column":16}},"23":{"start":{"line":56,"column":25},"end":{"line":60,"column":6}},"24":{"start":{"line":57,"column":6},"end":{"line":57,"column":28}},"25":{"start":{"line":58,"column":25},"end":{"line":58,"column":89}},"26":{"start":{"line":59,"column":6},"end":{"line":59,"column":29}},"27":{"start":{"line":62,"column":4},"end":{"line":64,"column":6}},"28":{"start":{"line":63,"column":6},"end":{"line":63,"column":28}},"29":{"start":{"line":67,"column":19},"end":{"line":92,"column":3}},"30":{"start":{"line":69,"column":6},"end":{"line":89,"column":7}},"31":{"start":{"line":70,"column":8},"end":{"line":70,"column":30}},"32":{"start":{"line":71,"column":8},"end":{"line":71,"column":23}},"33":{"start":{"line":73,"column":21},"end":{"line":73,"column":47}},"34":{"start":{"line":74,"column":8},"end":{"line":74,"column":30}},"35":{"start":{"line":76,"column":27},"end":{"line":76,"column":91}},"36":{"start":{"line":77,"column":8},"end":{"line":77,"column":31}},"37":{"start":{"line":79,"column":8},"end":{"line":79,"column":53}},"38":{"start":{"line":82,"column":10},"end":{"line":84,"column":62}},"39":{"start":{"line":85,"column":8},"end":{"line":85,"column":31}},"40":{"start":{"line":86,"column":8},"end":{"line":86,"column":55}},"41":{"start":{"line":88,"column":8},"end":{"line":88,"column":31}},"42":{"start":{"line":94,"column":18},"end":{"line":116,"column":18}},"43":{"start":{"line":95,"column":4},"end":{"line":115,"column":5}},"44":{"start":{"line":96,"column":6},"end":{"line":96,"column":25}},"45":{"start":{"line":97,"column":6},"end":{"line":97,"column":21}},"46":{"start":{"line":99,"column":19},"end":{"line":99,"column":43}},"47":{"start":{"line":100,"column":6},"end":{"line":100,"column":28}},"48":{"start":{"line":102,"column":25},"end":{"line":102,"column":89}},"49":{"start":{"line":103,"column":6},"end":{"line":103,"column":29}},"50":{"start":{"line":105,"column":6},"end":{"line":107,"column":7}},"51":{"start":{"line":106,"column":8},"end":{"line":106,"column":74}},"52":{"start":{"line":109,"column":6},"end":{"line":109,"column":75}},"53":{"start":{"line":111,"column":6},"end":{"line":111,"column":46}},"54":{"start":{"line":112,"column":6},"end":{"line":112,"column":72}},"55":{"start":{"line":114,"column":6},"end":{"line":114,"column":26}},"56":{"start":{"line":118,"column":23},"end":{"line":122,"column":18}},"57":{"start":{"line":119,"column":23},"end":{"line":119,"column":66}},"58":{"start":{"line":120,"column":4},"end":{"line":120,"column":27}},"59":{"start":{"line":121,"column":4},"end":{"line":121,"column":22}},"60":{"start":{"line":124,"column":2},"end":{"line":134,"column":4}}},"fnMap":{"0":{"name":"(anonymous_0)","decl":{"start":{"line":16,"column":31},"end":{"line":16,"column":32}},"loc":{"start":{"line":16,"column":37},"end":{"line":135,"column":1}},"line":16},"1":{"name":"(anonymous_1)","decl":{"start":{"line":26,"column":12},"end":{"line":26,"column":13}},"loc":{"start":{"line":26,"column":18},"end":{"line":65,"column":3}},"line":26},"2":{"name":"(anonymous_2)","decl":{"start":{"line":27,"column":22},"end":{"line":27,"column":23}},"loc":{"start":{"line":27,"column":34},"end":{"line":50,"column":5}},"line":27},"3":{"name":"(anonymous_3)","decl":{"start":{"line":56,"column":55},"end":{"line":56,"column":56}},"loc":{"start":{"line":56,"column":65},"end":{"line":60,"column":5}},"line":56},"4":{"name":"(anonymous_4)","decl":{"start":{"line":62,"column":11},"end":{"line":62,"column":12}},"loc":{"start":{"line":62,"column":17},"end":{"line":64,"column":5}},"line":62},"5":{"name":"(anonymous_5)","decl":{"start":{"line":68,"column":4},"end":{"line":68,"column":5}},"loc":{"start":{"line":68,"column":37},"end":{"line":90,"column":5}},"line":68},"6":{"name":"(anonymous_6)","decl":{"start":{"line":94,"column":30},"end":{"line":94,"column":31}},"loc":{"start":{"line":94,"column":42},"end":{"line":116,"column":3}},"line":94},"7":{"name":"(anonymous_7)","decl":{"start":{"line":118,"column":35},"end":{"line":118,"column":36}},"loc":{"start":{"line":118,"column":47},"end":{"line":122,"column":3}},"line":118}},"branchMap":{"0":{"loc":{"start":{"line":41,"column":8},"end":{"line":43,"column":9}},"type":"if","locations":[{"start":{"line":41,"column":8},"end":{"line":43,"column":9}},{"start":{},"end":{}}],"line":41},"1":{"loc":{"start":{"line":58,"column":25},"end":{"line":58,"column":89}},"type":"binary-expr","locations":[{"start":{"line":58,"column":25},"end":{"line":58,"column":80}},{"start":{"line":58,"column":84},"end":{"line":58,"column":89}}],"line":58},"2":{"loc":{"start":{"line":76,"column":27},"end":{"line":76,"column":91}},"type":"binary-expr","locations":[{"start":{"line":76,"column":27},"end":{"line":76,"column":82}},{"start":{"line":76,"column":86},"end":{"line":76,"column":91}}],"line":76},"3":{"loc":{"start":{"line":82,"column":10},"end":{"line":84,"column":62}},"type":"cond-expr","locations":[{"start":{"line":83,"column":14},"end":{"line":83,"column":38}},{"start":{"line":84,"column":14},"end":{"line":84,"column":62}}],"line":82},"4":{"loc":{"start":{"line":102,"column":25},"end":{"line":102,"column":89}},"type":"binary-expr","locations":[{"start":{"line":102,"column":25},"end":{"line":102,"column":80}},{"start":{"line":102,"column":84},"end":{"line":102,"column":89}}],"line":102},"5":{"loc":{"start":{"line":105,"column":6},"end":{"line":107,"column":7}},"type":"if","locations":[{"start":{"line":105,"column":6},"end":{"line":107,"column":7}},{"start":{},"end":{}}],"line":105}},"s":{"0":0,"1":0,"2":0,"3":0,"4":0,"5":0,"6":0,"7":0,"8":0,"9":0,"10":0,"11":0,"12":0,"13":0,"14":0,"15":0,"16":0,"17":0,"18":0,"19":0,"20":0,"21":0,"22":0,"23":0,"24":0,"25":0,"26":0,"27":0,"28":0,"29":0,"30":0,"31":0,"32":0,"33":0,"34":0,"35":0,"36":0,"37":0,"38":0,"39":0,"40":0,"41":0,"42":0,"43":0,"44":0,"45":0,"46":0,"47":0,"48":0,"49":0,"50":0,"51":0,"52":0,"53":0,"54":0,"55":0,"56":0,"57":0,"58":0,"59":0,"60":0},"f":{"0":0,"1":0,"2":0,"3":0,"4":0,"5":0,"6":0,"7":0},"b":{"0":[0,0],"1":[0,0],"2":[0,0],"3":[0,0],"4":[0,0],"5":[0,0]}}
,"C:\\Users\\Dato\\projects\\business\\react-native-jumpstart\\src\\i18n\\index.ts": {"path":"C:\\Users\\Dato\\projects\\business\\react-native-jumpstart\\src\\i18n\\index.ts","statementMap":{"0":{"start":{"line":8,"column":18},"end":{"line":11,"column":1}},"1":{"start":{"line":13,"column":17},"end":{"line":30,"column":1}},"2":{"start":{"line":14,"column":17},"end":{"line":14,"column":67}},"3":{"start":{"line":16,"column":2},"end":{"line":27,"column":5}},"4":{"start":{"line":29,"column":2},"end":{"line":29,"column":14}}},"fnMap":{"0":{"name":"(anonymous_0)","decl":{"start":{"line":13,"column":17},"end":{"line":13,"column":18}},"loc":{"start":{"line":13,"column":29},"end":{"line":30,"column":1}},"line":13}},"branchMap":{"0":{"loc":{"start":{"line":14,"column":17},"end":{"line":14,"column":67}},"type":"binary-expr","locations":[{"start":{"line":14,"column":17},"end":{"line":14,"column":59}},{"start":{"line":14,"column":63},"end":{"line":14,"column":67}}],"line":14}},"s":{"0":0,"1":0,"2":0,"3":0,"4":0},"f":{"0":0},"b":{"0":[0,0]}}
,"C:\\Users\\Dato\\projects\\business\\react-native-jumpstart\\src\\lib\\firebase.ts": {"path":"C:\\Users\\Dato\\projects\\business\\react-native-jumpstart\\src\\lib\\firebase.ts","statementMap":{"0":{"start":{"line":29,"column":23},"end":{"line":36,"column":1}},"1":{"start":{"line":39,"column":0},"end":{"line":43,"column":1}},"2":{"start":{"line":40,"column":2},"end":{"line":42,"column":4}},"3":{"start":{"line":46,"column":12},"end":{"line":46,"column":77}},"4":{"start":{"line":50,"column":0},"end":{"line":57,"column":1}},"5":{"start":{"line":51,"column":2},"end":{"line":53,"column":5}},"6":{"start":{"line":56,"column":2},"end":{"line":56,"column":22}},"7":{"start":{"line":59,"column":18},"end":{"line":59,"column":35}},"8":{"start":{"line":62,"column":36},"end":{"line":62,"column":52}},"9":{"start":{"line":65,"column":31},"end":{"line":76,"column":1}},"10":{"start":{"line":66,"column":2},"end":{"line":75,"column":3}},"11":{"start":{"line":67,"column":27},"end":{"line":71,"column":5}},"12":{"start":{"line":72,"column":4},"end":{"line":72,"column":49}},"13":{"start":{"line":74,"column":4},"end":{"line":74,"column":33}},"14":{"start":{"line":78,"column":31},"end":{"line":89,"column":1}},"15":{"start":{"line":79,"column":2},"end":{"line":88,"column":3}},"16":{"start":{"line":80,"column":27},"end":{"line":84,"column":5}},"17":{"start":{"line":85,"column":4},"end":{"line":85,"column":49}},"18":{"start":{"line":87,"column":4},"end":{"line":87,"column":33}},"19":{"start":{"line":91,"column":35},"end":{"line":116,"column":1}},"20":{"start":{"line":94,"column":29},"end":{"line":106,"column":3}},"21":{"start":{"line":108,"column":2},"end":{"line":115,"column":3}},"22":{"start":{"line":109,"column":4},"end":{"line":109,"column":65}},"23":{"start":{"line":111,"column":4},"end":{"line":111,"column":60}},"24":{"start":{"line":112,"column":4},"end":{"line":112,"column":44}},"25":{"start":{"line":114,"column":4},"end":{"line":114,"column":33}},"26":{"start":{"line":118,"column":31},"end":{"line":130,"column":1}},"27":{"start":{"line":119,"column":2},"end":{"line":129,"column":3}},"28":{"start":{"line":120,"column":4},"end":{"line":125,"column":5}},"29":{"start":{"line":121,"column":29},"end":{"line":121,"column":81}},"30":{"start":{"line":123,"column":6},"end":{"line":123,"column":58}},"31":{"start":{"line":124,"column":6},"end":{"line":124,"column":51}},"32":{"start":{"line":126,"column":4},"end":{"line":126,"column":66}},"33":{"start":{"line":128,"column":4},"end":{"line":128,"column":33}},"34":{"start":{"line":132,"column":31},"end":{"line":198,"column":1}},"35":{"start":{"line":133,"column":2},"end":{"line":138,"column":3}},"36":{"start":{"line":134,"column":4},"end":{"line":137,"column":6}},"37":{"start":{"line":140,"column":2},"end":{"line":197,"column":3}},"38":{"start":{"line":142,"column":24},"end":{"line":142,"column":68}},"39":{"start":{"line":143,"column":4},"end":{"line":148,"column":5}},"40":{"start":{"line":144,"column":6},"end":{"line":147,"column":8}},"41":{"start":{"line":151,"column":23},"end":{"line":151,"column":59}},"42":{"start":{"line":152,"column":18},"end":{"line":154,"column":15}},"43":{"start":{"line":153,"column":18},"end":{"line":153,"column":49}},"44":{"start":{"line":155,"column":24},"end":{"line":158,"column":5}},"45":{"start":{"line":161,"column":28},"end":{"line":167,"column":6}},"46":{"start":{"line":170,"column":30},"end":{"line":170,"column":45}},"47":{"start":{"line":171,"column":4},"end":{"line":173,"column":5}},"48":{"start":{"line":172,"column":6},"end":{"line":172,"column":76}},"49":{"start":{"line":175,"column":21},"end":{"line":175,"column":51}},"50":{"start":{"line":176,"column":23},"end":{"line":179,"column":6}},"51":{"start":{"line":180,"column":27},"end":{"line":180,"column":71}},"52":{"start":{"line":183,"column":4},"end":{"line":189,"column":5}},"53":{"start":{"line":184,"column":40},"end":{"line":184,"column":64}},"54":{"start":{"line":185,"column":6},"end":{"line":188,"column":7}},"55":{"start":{"line":186,"column":28},"end":{"line":186,"column":77}},"56":{"start":{"line":187,"column":8},"end":{"line":187,"column":66}},"57":{"start":{"line":191,"column":4},"end":{"line":191,"column":49}},"58":{"start":{"line":193,"column":4},"end":{"line":195,"column":5}},"59":{"start":{"line":194,"column":6},"end":{"line":194,"column":78}},"60":{"start":{"line":196,"column":4},"end":{"line":196,"column":33}},"61":{"start":{"line":200,"column":32},"end":{"line":210,"column":1}},"62":{"start":{"line":201,"column":2},"end":{"line":209,"column":3}},"63":{"start":{"line":203,"column":23},"end":{"line":203,"column":61}},"64":{"start":{"line":204,"column":27},"end":{"line":204,"column":71}},"65":{"start":{"line":206,"column":4},"end":{"line":206,"column":49}},"66":{"start":{"line":208,"column":4},"end":{"line":208,"column":33}},"67":{"start":{"line":212,"column":23},"end":{"line":219,"column":1}},"68":{"start":{"line":213,"column":2},"end":{"line":218,"column":3}},"69":{"start":{"line":214,"column":4},"end":{"line":214,"column":32}},"70":{"start":{"line":215,"column":4},"end":{"line":215,"column":27}},"71":{"start":{"line":217,"column":4},"end":{"line":217,"column":21}},"72":{"start":{"line":221,"column":29},"end":{"line":228,"column":1}},"73":{"start":{"line":222,"column":2},"end":{"line":227,"column":3}},"74":{"start":{"line":223,"column":4},"end":{"line":223,"column":46}},"75":{"start":{"line":224,"column":4},"end":{"line":224,"column":44}},"76":{"start":{"line":226,"column":4},"end":{"line":226,"column":33}},"77":{"start":{"line":230,"column":30},"end":{"line":232,"column":1}},"78":{"start":{"line":231,"column":2},"end":{"line":231,"column":26}},"79":{"start":{"line":234,"column":34},"end":{"line":238,"column":1}},"80":{"start":{"line":237,"column":2},"end":{"line":237,"column":52}},"81":{"start":{"line":241,"column":37},"end":{"line":243,"column":1}},"82":{"start":{"line":242,"column":2},"end":{"line":242,"column":51}}},"fnMap":{"0":{"name":"(anonymous_0)","decl":{"start":{"line":65,"column":31},"end":{"line":65,"column":32}},"loc":{"start":{"line":65,"column":74},"end":{"line":76,"column":1}},"line":65},"1":{"name":"(anonymous_1)","decl":{"start":{"line":78,"column":31},"end":{"line":78,"column":32}},"loc":{"start":{"line":78,"column":74},"end":{"line":89,"column":1}},"line":78},"2":{"name":"(anonymous_2)","decl":{"start":{"line":91,"column":35},"end":{"line":91,"column":36}},"loc":{"start":{"line":91,"column":60},"end":{"line":116,"column":1}},"line":91},"3":{"name":"(anonymous_3)","decl":{"start":{"line":118,"column":31},"end":{"line":118,"column":32}},"loc":{"start":{"line":118,"column":70},"end":{"line":130,"column":1}},"line":118},"4":{"name":"(anonymous_4)","decl":{"start":{"line":132,"column":31},"end":{"line":132,"column":32}},"loc":{"start":{"line":132,"column":43},"end":{"line":198,"column":1}},"line":132},"5":{"name":"(anonymous_5)","decl":{"start":{"line":153,"column":11},"end":{"line":153,"column":12}},"loc":{"start":{"line":153,"column":18},"end":{"line":153,"column":49}},"line":153},"6":{"name":"(anonymous_6)","decl":{"start":{"line":200,"column":32},"end":{"line":200,"column":33}},"loc":{"start":{"line":200,"column":59},"end":{"line":210,"column":1}},"line":200},"7":{"name":"(anonymous_7)","decl":{"start":{"line":212,"column":23},"end":{"line":212,"column":24}},"loc":{"start":{"line":212,"column":35},"end":{"line":219,"column":1}},"line":212},"8":{"name":"(anonymous_8)","decl":{"start":{"line":221,"column":29},"end":{"line":221,"column":30}},"loc":{"start":{"line":221,"column":54},"end":{"line":228,"column":1}},"line":221},"9":{"name":"(anonymous_9)","decl":{"start":{"line":230,"column":30},"end":{"line":230,"column":31}},"loc":{"start":{"line":230,"column":49},"end":{"line":232,"column":1}},"line":230},"10":{"name":"(anonymous_10)","decl":{"start":{"line":234,"column":34},"end":{"line":234,"column":35}},"loc":{"start":{"line":236,"column":5},"end":{"line":238,"column":1}},"line":236},"11":{"name":"(anonymous_11)","decl":{"start":{"line":241,"column":37},"end":{"line":241,"column":38}},"loc":{"start":{"line":241,"column":64},"end":{"line":243,"column":1}},"line":241}},"branchMap":{"0":{"loc":{"start":{"line":39,"column":0},"end":{"line":43,"column":1}},"type":"if","locations":[{"start":{"line":39,"column":0},"end":{"line":43,"column":1}},{"start":{},"end":{}}],"line":39},"1":{"loc":{"start":{"line":39,"column":4},"end":{"line":39,"column":55}},"type":"binary-expr","locations":[{"start":{"line":39,"column":4},"end":{"line":39,"column":26}},{"start":{"line":39,"column":30},"end":{"line":39,"column":55}}],"line":39},"2":{"loc":{"start":{"line":46,"column":12},"end":{"line":46,"column":77}},"type":"cond-expr","locations":[{"start":{"line":46,"column":37},"end":{"line":46,"column":66}},{"start":{"line":46,"column":69},"end":{"line":46,"column":77}}],"line":46},"3":{"loc":{"start":{"line":120,"column":4},"end":{"line":125,"column":5}},"type":"if","locations":[{"start":{"line":120,"column":4},"end":{"line":125,"column":5}},{"start":{},"end":{}}],"line":120},"4":{"loc":{"start":{"line":133,"column":2},"end":{"line":138,"column":3}},"type":"if","locations":[{"start":{"line":133,"column":2},"end":{"line":138,"column":3}},{"start":{},"end":{}}],"line":133},"5":{"loc":{"start":{"line":143,"column":4},"end":{"line":148,"column":5}},"type":"if","locations":[{"start":{"line":143,"column":4},"end":{"line":148,"column":5}},{"start":{},"end":{}}],"line":143},"6":{"loc":{"start":{"line":171,"column":4},"end":{"line":173,"column":5}},"type":"if","locations":[{"start":{"line":171,"column":4},"end":{"line":173,"column":5}},{"start":{},"end":{}}],"line":171},"7":{"loc":{"start":{"line":183,"column":4},"end":{"line":189,"column":5}},"type":"if","locations":[{"start":{"line":183,"column":4},"end":{"line":189,"column":5}},{"start":{},"end":{}}],"line":183},"8":{"loc":{"start":{"line":185,"column":6},"end":{"line":188,"column":7}},"type":"if","locations":[{"start":{"line":185,"column":6},"end":{"line":188,"column":7}},{"start":{},"end":{}}],"line":185},"9":{"loc":{"start":{"line":185,"column":10},"end":{"line":185,"column":33}},"type":"binary-expr","locations":[{"start":{"line":185,"column":10},"end":{"line":185,"column":19}},{"start":{"line":185,"column":23},"end":{"line":185,"column":33}}],"line":185},"10":{"loc":{"start":{"line":193,"column":4},"end":{"line":195,"column":5}},"type":"if","locations":[{"start":{"line":193,"column":4},"end":{"line":195,"column":5}},{"start":{},"end":{}}],"line":193}},"s":{"0":0,"1":0,"2":0,"3":0,"4":0,"5":0,"6":0,"7":0,"8":0,"9":0,"10":0,"11":0,"12":0,"13":0,"14":0,"15":0,"16":0,"17":0,"18":0,"19":0,"20":0,"21":0,"22":0,"23":0,"24":0,"25":0,"26":0,"27":0,"28":0,"29":0,"30":0,"31":0,"32":0,"33":0,"34":0,"35":0,"36":0,"37":0,"38":0,"39":0,"40":0,"41":0,"42":0,"43":0,"44":0,"45":0,"46":0,"47":0,"48":0,"49":0,"50":0,"51":0,"52":0,"53":0,"54":0,"55":0,"56":0,"57":0,"58":0,"59":0,"60":0,"61":0,"62":0,"63":0,"64":0,"65":0,"66":0,"67":0,"68":0,"69":0,"70":0,"71":0,"72":0,"73":0,"74":0,"75":0,"76":0,"77":0,"78":0,"79":0,"80":0,"81":0,"82":0},"f":{"0":0,"1":0,"2":0,"3":0,"4":0,"5":0,"6":0,"7":0,"8":0,"9":0,"10":0,"11":0},"b":{"0":[0,0],"1":[0,0],"2":[0,0],"3":[0,0],"4":[0,0],"5":[0,0],"6":[0,0],"7":[0,0],"8":[0,0],"9":[0,0],"10":[0,0]}}
,"C:\\Users\\Dato\\projects\\business\\react-native-jumpstart\\src\\lib\\posthog.ts": {"path":"C:\\Users\\Dato\\projects\\business\\react-native-jumpstart\\src\\lib\\posthog.ts","statementMap":{"0":{"start":{"line":3,"column":24},"end":{"line":3,"column":63}},"1":{"start":{"line":4,"column":21},"end":{"line":4,"column":86}},"2":{"start":{"line":6,"column":36},"end":{"line":6,"column":40}},"3":{"start":{"line":8,"column":27},"end":{"line":25,"column":1}},"4":{"start":{"line":9,"column":2},"end":{"line":12,"column":3}},"5":{"start":{"line":10,"column":4},"end":{"line":10,"column":51}},"6":{"start":{"line":11,"column":4},"end":{"line":11,"column":16}},"7":{"start":{"line":14,"column":2},"end":{"line":16,"column":3}},"8":{"start":{"line":15,"column":4},"end":{"line":15,"column":25}},"9":{"start":{"line":18,"column":2},"end":{"line":22,"column":5}},"10":{"start":{"line":24,"column":2},"end":{"line":24,"column":23}},"11":{"start":{"line":27,"column":26},"end":{"line":29,"column":1}},"12":{"start":{"line":28,"column":2},"end":{"line":28,"column":23}},"13":{"start":{"line":31,"column":24},"end":{"line":33,"column":1}},"14":{"start":{"line":32,"column":2},"end":{"line":32,"column":46}},"15":{"start":{"line":35,"column":21},"end":{"line":37,"column":1}},"16":{"start":{"line":36,"column":2},"end":{"line":36,"column":25}},"17":{"start":{"line":39,"column":23},"end":{"line":41,"column":1}},"18":{"start":{"line":40,"column":2},"end":{"line":40,"column":44}},"19":{"start":{"line":43,"column":22},"end":{"line":45,"column":1}},"20":{"start":{"line":44,"column":2},"end":{"line":44,"column":48}},"21":{"start":{"line":48,"column":32},"end":{"line":51,"column":1}},"22":{"start":{"line":49,"column":2},"end":{"line":49,"column":35}},"23":{"start":{"line":49,"column":22},"end":{"line":49,"column":35}},"24":{"start":{"line":50,"column":2},"end":{"line":50,"column":58}},"25":{"start":{"line":53,"column":30},"end":{"line":56,"column":1}},"26":{"start":{"line":54,"column":2},"end":{"line":54,"column":39}},"27":{"start":{"line":54,"column":22},"end":{"line":54,"column":39}},"28":{"start":{"line":55,"column":2},"end":{"line":55,"column":47}},"29":{"start":{"line":59,"column":21},"end":{"line":61,"column":1}},"30":{"start":{"line":60,"column":2},"end":{"line":60,"column":56}},"31":{"start":{"line":64,"column":22},"end":{"line":66,"column":1}},"32":{"start":{"line":65,"column":2},"end":{"line":65,"column":26}},"33":{"start":{"line":68,"column":21},"end":{"line":70,"column":1}},"34":{"start":{"line":69,"column":2},"end":{"line":69,"column":25}},"35":{"start":{"line":73,"column":21},"end":{"line":75,"column":1}},"36":{"start":{"line":74,"column":2},"end":{"line":74,"column":31}},"37":{"start":{"line":78,"column":24},"end":{"line":81,"column":1}},"38":{"start":{"line":79,"column":2},"end":{"line":79,"column":34}},"39":{"start":{"line":80,"column":2},"end":{"line":80,"column":23}}},"fnMap":{"0":{"name":"(anonymous_0)","decl":{"start":{"line":8,"column":27},"end":{"line":8,"column":28}},"loc":{"start":{"line":8,"column":64},"end":{"line":25,"column":1}},"line":8},"1":{"name":"(anonymous_1)","decl":{"start":{"line":27,"column":26},"end":{"line":27,"column":27}},"loc":{"start":{"line":27,"column":48},"end":{"line":29,"column":1}},"line":27},"2":{"name":"(anonymous_2)","decl":{"start":{"line":31,"column":24},"end":{"line":31,"column":25}},"loc":{"start":{"line":31,"column":78},"end":{"line":33,"column":1}},"line":31},"3":{"name":"(anonymous_3)","decl":{"start":{"line":35,"column":21},"end":{"line":35,"column":22}},"loc":{"start":{"line":35,"column":27},"end":{"line":37,"column":1}},"line":35},"4":{"name":"(anonymous_4)","decl":{"start":{"line":39,"column":23},"end":{"line":39,"column":24}},"loc":{"start":{"line":39,"column":76},"end":{"line":41,"column":1}},"line":39},"5":{"name":"(anonymous_5)","decl":{"start":{"line":43,"column":22},"end":{"line":43,"column":23}},"loc":{"start":{"line":43,"column":80},"end":{"line":45,"column":1}},"line":43},"6":{"name":"(anonymous_6)","decl":{"start":{"line":48,"column":32},"end":{"line":48,"column":33}},"loc":{"start":{"line":48,"column":77},"end":{"line":51,"column":1}},"line":48},"7":{"name":"(anonymous_7)","decl":{"start":{"line":53,"column":30},"end":{"line":53,"column":31}},"loc":{"start":{"line":53,"column":96},"end":{"line":56,"column":1}},"line":53},"8":{"name":"(anonymous_8)","decl":{"start":{"line":59,"column":21},"end":{"line":59,"column":22}},"loc":{"start":{"line":59,"column":96},"end":{"line":61,"column":1}},"line":59},"9":{"name":"(anonymous_9)","decl":{"start":{"line":64,"column":22},"end":{"line":64,"column":23}},"loc":{"start":{"line":64,"column":28},"end":{"line":66,"column":1}},"line":64},"10":{"name":"(anonymous_10)","decl":{"start":{"line":68,"column":21},"end":{"line":68,"column":22}},"loc":{"start":{"line":68,"column":27},"end":{"line":70,"column":1}},"line":68},"11":{"name":"(anonymous_11)","decl":{"start":{"line":73,"column":21},"end":{"line":73,"column":22}},"loc":{"start":{"line":73,"column":33},"end":{"line":75,"column":1}},"line":73},"12":{"name":"(anonymous_12)","decl":{"start":{"line":78,"column":24},"end":{"line":78,"column":25}},"loc":{"start":{"line":78,"column":36},"end":{"line":81,"column":1}},"line":78}},"branchMap":{"0":{"loc":{"start":{"line":4,"column":21},"end":{"line":4,"column":86}},"type":"binary-expr","locations":[{"start":{"line":4,"column":21},"end":{"line":4,"column":57}},{"start":{"line":4,"column":61},"end":{"line":4,"column":86}}],"line":4},"1":{"loc":{"start":{"line":9,"column":2},"end":{"line":12,"column":3}},"type":"if","locations":[{"start":{"line":9,"column":2},"end":{"line":12,"column":3}},{"start":{},"end":{}}],"line":9},"2":{"loc":{"start":{"line":14,"column":2},"end":{"line":16,"column":3}},"type":"if","locations":[{"start":{"line":14,"column":2},"end":{"line":16,"column":3}},{"start":{},"end":{}}],"line":14},"3":{"loc":{"start":{"line":49,"column":2},"end":{"line":49,"column":35}},"type":"if","locations":[{"start":{"line":49,"column":2},"end":{"line":49,"column":35}},{"start":{},"end":{}}],"line":49},"4":{"loc":{"start":{"line":50,"column":9},"end":{"line":50,"column":57}},"type":"binary-expr","locations":[{"start":{"line":50,"column":9},"end":{"line":50,"column":48}},{"start":{"line":50,"column":52},"end":{"line":50,"column":57}}],"line":50},"5":{"loc":{"start":{"line":54,"column":2},"end":{"line":54,"column":39}},"type":"if","locations":[{"start":{"line":54,"column":2},"end":{"line":54,"column":39}},{"start":{},"end":{}}],"line":54}},"s":{"0":0,"1":0,"2":0,"3":0,"4":0,"5":0,"6":0,"7":0,"8":0,"9":0,"10":0,"11":0,"12":0,"13":0,"14":0,"15":0,"16":0,"17":0,"18":0,"19":0,"20":0,"21":0,"22":0,"23":0,"24":0,"25":0,"26":0,"27":0,"28":0,"29":0,"30":0,"31":0,"32":0,"33":0,"34":0,"35":0,"36":0,"37":0,"38":0,"39":0},"f":{"0":0,"1":0,"2":0,"3":0,"4":0,"5":0,"6":0,"7":0,"8":0,"9":0,"10":0,"11":0,"12":0},"b":{"0":[0,0],"1":[0,0],"2":[0,0],"3":[0,0],"4":[0,0],"5":[0,0]}}
,"C:\\Users\\Dato\\projects\\business\\react-native-jumpstart\\src\\lib\\queryClient.ts": {"path":"C:\\Users\\Dato\\projects\\business\\react-native-jumpstart\\src\\lib\\queryClient.ts","statementMap":{"0":{"start":{"line":3,"column":27},"end":{"line":22,"column":2}}},"fnMap":{},"branchMap":{},"s":{"0":0},"f":{},"b":{}}
,"C:\\Users\\Dato\\projects\\business\\react-native-jumpstart\\src\\lib\\revenuecat.ts": {"path":"C:\\Users\\Dato\\projects\\business\\react-native-jumpstart\\src\\lib\\revenuecat.ts","statementMap":{"0":{"start":{"line":9,"column":20},"end":{"line":9,"column":67}},"1":{"start":{"line":10,"column":24},"end":{"line":10,"column":75}},"2":{"start":{"line":12,"column":19},"end":{"line":12,"column":24}},"3":{"start":{"line":14,"column":35},"end":{"line":33,"column":1}},"4":{"start":{"line":15,"column":2},"end":{"line":15,"column":27}},"5":{"start":{"line":15,"column":20},"end":{"line":15,"column":27}},"6":{"start":{"line":17,"column":17},"end":{"line":17,"column":70}},"7":{"start":{"line":19,"column":2},"end":{"line":22,"column":3}},"8":{"start":{"line":20,"column":4},"end":{"line":20,"column":54}},"9":{"start":{"line":21,"column":4},"end":{"line":21,"column":11}},"10":{"start":{"line":25,"column":2},"end":{"line":25,"column":69}},"11":{"start":{"line":27,"column":2},"end":{"line":30,"column":5}},"12":{"start":{"line":32,"column":2},"end":{"line":32,"column":22}},"13":{"start":{"line":35,"column":28},"end":{"line":43,"column":1}},"14":{"start":{"line":36,"column":2},"end":{"line":42,"column":3}},"15":{"start":{"line":37,"column":29},"end":{"line":37,"column":58}},"16":{"start":{"line":38,"column":4},"end":{"line":38,"column":24}},"17":{"start":{"line":40,"column":4},"end":{"line":40,"column":52}},"18":{"start":{"line":41,"column":4},"end":{"line":41,"column":16}},"19":{"start":{"line":45,"column":26},"end":{"line":63,"column":1}},"20":{"start":{"line":46,"column":2},"end":{"line":62,"column":3}},"21":{"start":{"line":48,"column":25},"end":{"line":48,"column":58}},"22":{"start":{"line":49,"column":22},"end":{"line":49,"column":52}},"23":{"start":{"line":52,"column":4},"end":{"line":55,"column":5}},"24":{"start":{"line":54,"column":6},"end":{"line":54,"column":26}},"25":{"start":{"line":57,"column":28},"end":{"line":57,"column":52}},"26":{"start":{"line":58,"column":4},"end":{"line":58,"column":27}},"27":{"start":{"line":60,"column":4},"end":{"line":60,"column":52}},"28":{"start":{"line":61,"column":4},"end":{"line":61,"column":16}},"29":{"start":{"line":65,"column":28},"end":{"line":73,"column":1}},"30":{"start":{"line":66,"column":2},"end":{"line":72,"column":3}},"31":{"start":{"line":67,"column":22},"end":{"line":67,"column":52}},"32":{"start":{"line":68,"column":4},"end":{"line":68,"column":29}},"33":{"start":{"line":70,"column":4},"end":{"line":70,"column":54}},"34":{"start":{"line":71,"column":4},"end":{"line":71,"column":16}},"35":{"start":{"line":75,"column":31},"end":{"line":88,"column":1}},"36":{"start":{"line":78,"column":2},"end":{"line":87,"column":3}},"37":{"start":{"line":79,"column":29},"end":{"line":79,"column":65}},"38":{"start":{"line":80,"column":4},"end":{"line":80,"column":24}},"39":{"start":{"line":82,"column":4},"end":{"line":84,"column":5}},"40":{"start":{"line":83,"column":6},"end":{"line":83,"column":44}},"41":{"start":{"line":85,"column":4},"end":{"line":85,"column":54}},"42":{"start":{"line":86,"column":4},"end":{"line":86,"column":16}},"43":{"start":{"line":90,"column":32},"end":{"line":98,"column":1}},"44":{"start":{"line":91,"column":2},"end":{"line":97,"column":3}},"45":{"start":{"line":92,"column":25},"end":{"line":92,"column":59}},"46":{"start":{"line":93,"column":4},"end":{"line":93,"column":24}},"47":{"start":{"line":95,"column":4},"end":{"line":95,"column":55}},"48":{"start":{"line":96,"column":4},"end":{"line":96,"column":16}},"49":{"start":{"line":100,"column":31},"end":{"line":108,"column":1}},"50":{"start":{"line":101,"column":2},"end":{"line":107,"column":3}},"51":{"start":{"line":102,"column":25},"end":{"line":102,"column":58}},"52":{"start":{"line":103,"column":4},"end":{"line":103,"column":24}},"53":{"start":{"line":105,"column":4},"end":{"line":105,"column":57}},"54":{"start":{"line":106,"column":4},"end":{"line":106,"column":16}},"55":{"start":{"line":110,"column":32},"end":{"line":122,"column":1}},"56":{"start":{"line":113,"column":2},"end":{"line":121,"column":3}},"57":{"start":{"line":114,"column":25},"end":{"line":114,"column":58}},"58":{"start":{"line":115,"column":4},"end":{"line":117,"column":6}},"59":{"start":{"line":119,"column":4},"end":{"line":119,"column":56}},"60":{"start":{"line":120,"column":4},"end":{"line":120,"column":17}},"61":{"start":{"line":127,"column":45},"end":{"line":142,"column":1}},"62":{"start":{"line":131,"column":17},"end":{"line":131,"column":77}},"63":{"start":{"line":134,"column":2},"end":{"line":141,"column":4}},"64":{"start":{"line":137,"column":6},"end":{"line":139,"column":7}},"65":{"start":{"line":138,"column":8},"end":{"line":138,"column":52}}},"fnMap":{"0":{"name":"(anonymous_0)","decl":{"start":{"line":14,"column":35},"end":{"line":14,"column":36}},"loc":{"start":{"line":14,"column":62},"end":{"line":33,"column":1}},"line":14},"1":{"name":"(anonymous_1)","decl":{"start":{"line":35,"column":28},"end":{"line":35,"column":29}},"loc":{"start":{"line":35,"column":54},"end":{"line":43,"column":1}},"line":35},"2":{"name":"(anonymous_2)","decl":{"start":{"line":45,"column":26},"end":{"line":45,"column":27}},"loc":{"start":{"line":45,"column":38},"end":{"line":63,"column":1}},"line":45},"3":{"name":"(anonymous_3)","decl":{"start":{"line":65,"column":28},"end":{"line":65,"column":29}},"loc":{"start":{"line":65,"column":75},"end":{"line":73,"column":1}},"line":65},"4":{"name":"(anonymous_4)","decl":{"start":{"line":75,"column":31},"end":{"line":75,"column":32}},"loc":{"start":{"line":77,"column":28},"end":{"line":88,"column":1}},"line":77},"5":{"name":"(anonymous_5)","decl":{"start":{"line":90,"column":32},"end":{"line":90,"column":33}},"loc":{"start":{"line":90,"column":67},"end":{"line":98,"column":1}},"line":90},"6":{"name":"(anonymous_6)","decl":{"start":{"line":100,"column":31},"end":{"line":100,"column":32}},"loc":{"start":{"line":100,"column":66},"end":{"line":108,"column":1}},"line":100},"7":{"name":"(anonymous_7)","decl":{"start":{"line":110,"column":32},"end":{"line":110,"column":33}},"loc":{"start":{"line":112,"column":23},"end":{"line":122,"column":1}},"line":112},"8":{"name":"(anonymous_8)","decl":{"start":{"line":127,"column":45},"end":{"line":127,"column":46}},"loc":{"start":{"line":129,"column":29},"end":{"line":142,"column":1}},"line":129},"9":{"name":"(anonymous_9)","decl":{"start":{"line":135,"column":12},"end":{"line":135,"column":13}},"loc":{"start":{"line":135,"column":18},"end":{"line":140,"column":5}},"line":135}},"branchMap":{"0":{"loc":{"start":{"line":15,"column":2},"end":{"line":15,"column":27}},"type":"if","locations":[{"start":{"line":15,"column":2},"end":{"line":15,"column":27}},{"start":{},"end":{}}],"line":15},"1":{"loc":{"start":{"line":17,"column":17},"end":{"line":17,"column":70}},"type":"cond-expr","locations":[{"start":{"line":17,"column":41},"end":{"line":17,"column":52}},{"start":{"line":17,"column":55},"end":{"line":17,"column":70}}],"line":17},"2":{"loc":{"start":{"line":19,"column":2},"end":{"line":22,"column":3}},"type":"if","locations":[{"start":{"line":19,"column":2},"end":{"line":22,"column":3}},{"start":{},"end":{}}],"line":19},"3":{"loc":{"start":{"line":25,"column":24},"end":{"line":25,"column":67}},"type":"cond-expr","locations":[{"start":{"line":25,"column":34},"end":{"line":25,"column":49}},{"start":{"line":25,"column":52},"end":{"line":25,"column":67}}],"line":25},"4":{"loc":{"start":{"line":52,"column":4},"end":{"line":55,"column":5}},"type":"if","locations":[{"start":{"line":52,"column":4},"end":{"line":55,"column":5}},{"start":{},"end":{}}],"line":52},"5":{"loc":{"start":{"line":82,"column":4},"end":{"line":84,"column":5}},"type":"if","locations":[{"start":{"line":82,"column":4},"end":{"line":84,"column":5}},{"start":{},"end":{}}],"line":82},"6":{"loc":{"start":{"line":116,"column":6},"end":{"line":116,"column":72}},"type":"binary-expr","locations":[{"start":{"line":116,"column":6},"end":{"line":116,"column":63}},{"start":{"line":116,"column":67},"end":{"line":116,"column":72}}],"line":116},"7":{"loc":{"start":{"line":137,"column":6},"end":{"line":139,"column":7}},"type":"if","locations":[{"start":{"line":137,"column":6},"end":{"line":139,"column":7}},{"start":{},"end":{}}],"line":137},"8":{"loc":{"start":{"line":137,"column":10},"end":{"line":137,"column":68}},"type":"binary-expr","locations":[{"start":{"line":137,"column":10},"end":{"line":137,"column":16}},{"start":{"line":137,"column":20},"end":{"line":137,"column":46}},{"start":{"line":137,"column":50},"end":{"line":137,"column":68}}],"line":137}},"s":{"0":0,"1":0,"2":0,"3":0,"4":0,"5":0,"6":0,"7":0,"8":0,"9":0,"10":0,"11":0,"12":0,"13":0,"14":0,"15":0,"16":0,"17":0,"18":0,"19":0,"20":0,"21":0,"22":0,"23":0,"24":0,"25":0,"26":0,"27":0,"28":0,"29":0,"30":0,"31":0,"32":0,"33":0,"34":0,"35":0,"36":0,"37":0,"38":0,"39":0,"40":0,"41":0,"42":0,"43":0,"44":0,"45":0,"46":0,"47":0,"48":0,"49":0,"50":0,"51":0,"52":0,"53":0,"54":0,"55":0,"56":0,"57":0,"58":0,"59":0,"60":0,"61":0,"62":0,"63":0,"64":0,"65":0},"f":{"0":0,"1":0,"2":0,"3":0,"4":0,"5":0,"6":0,"7":0,"8":0,"9":0},"b":{"0":[0,0],"1":[0,0],"2":[0,0],"3":[0,0],"4":[0,0],"5":[0,0],"6":[0,0],"7":[0,0],"8":[0,0,0]}}
,"C:\\Users\\Dato\\projects\\business\\react-native-jumpstart\\src\\lib\\sentry.ts": {"path":"C:\\Users\\Dato\\projects\\business\\react-native-jumpstart\\src\\lib\\sentry.ts","statementMap":{"0":{"start":{"line":3,"column":19},"end":{"line":3,"column":53}},"1":{"start":{"line":5,"column":26},"end":{"line":31,"column":1}},"2":{"start":{"line":6,"column":2},"end":{"line":9,"column":3}},"3":{"start":{"line":7,"column":4},"end":{"line":7,"column":46}},"4":{"start":{"line":8,"column":4},"end":{"line":8,"column":11}},"5":{"start":{"line":11,"column":2},"end":{"line":30,"column":5}},"6":{"start":{"line":33,"column":23},"end":{"line":39,"column":1}},"7":{"start":{"line":34,"column":2},"end":{"line":38,"column":5}},"8":{"start":{"line":41,"column":25},"end":{"line":43,"column":1}},"9":{"start":{"line":42,"column":2},"end":{"line":42,"column":23}},"10":{"start":{"line":45,"column":32},"end":{"line":50,"column":1}},"11":{"start":{"line":46,"column":2},"end":{"line":48,"column":3}},"12":{"start":{"line":47,"column":4},"end":{"line":47,"column":50}},"13":{"start":{"line":49,"column":2},"end":{"line":49,"column":33}},"14":{"start":{"line":52,"column":30},"end":{"line":54,"column":1}},"15":{"start":{"line":53,"column":2},"end":{"line":53,"column":40}},"16":{"start":{"line":56,"column":29},"end":{"line":58,"column":1}},"17":{"start":{"line":57,"column":2},"end":{"line":57,"column":35}},"18":{"start":{"line":60,"column":22},"end":{"line":62,"column":1}},"19":{"start":{"line":61,"column":2},"end":{"line":61,"column":28}},"20":{"start":{"line":65,"column":35},"end":{"line":65,"column":55}},"21":{"start":{"line":66,"column":26},"end":{"line":66,"column":37}}},"fnMap":{"0":{"name":"(anonymous_0)","decl":{"start":{"line":5,"column":26},"end":{"line":5,"column":27}},"loc":{"start":{"line":5,"column":32},"end":{"line":31,"column":1}},"line":5},"1":{"name":"(anonymous_1)","decl":{"start":{"line":33,"column":23},"end":{"line":33,"column":24}},"loc":{"start":{"line":33,"column":80},"end":{"line":39,"column":1}},"line":33},"2":{"name":"(anonymous_2)","decl":{"start":{"line":41,"column":25},"end":{"line":41,"column":26}},"loc":{"start":{"line":41,"column":31},"end":{"line":43,"column":1}},"line":41},"3":{"name":"(anonymous_3)","decl":{"start":{"line":45,"column":32},"end":{"line":45,"column":33}},"loc":{"start":{"line":45,"column":81},"end":{"line":50,"column":1}},"line":45},"4":{"name":"(anonymous_4)","decl":{"start":{"line":52,"column":30},"end":{"line":52,"column":31}},"loc":{"start":{"line":52,"column":81},"end":{"line":54,"column":1}},"line":52},"5":{"name":"(anonymous_5)","decl":{"start":{"line":56,"column":29},"end":{"line":56,"column":30}},"loc":{"start":{"line":56,"column":64},"end":{"line":58,"column":1}},"line":56},"6":{"name":"(anonymous_6)","decl":{"start":{"line":60,"column":22},"end":{"line":60,"column":23}},"loc":{"start":{"line":60,"column":54},"end":{"line":62,"column":1}},"line":60}},"branchMap":{"0":{"loc":{"start":{"line":6,"column":2},"end":{"line":9,"column":3}},"type":"if","locations":[{"start":{"line":6,"column":2},"end":{"line":9,"column":3}},{"start":{},"end":{}}],"line":6},"1":{"loc":{"start":{"line":14,"column":22},"end":{"line":14,"column":41}},"type":"cond-expr","locations":[{"start":{"line":14,"column":32},"end":{"line":14,"column":35}},{"start":{"line":14,"column":38},"end":{"line":14,"column":41}}],"line":14},"2":{"loc":{"start":{"line":26,"column":26},"end":{"line":26,"column":45}},"type":"cond-expr","locations":[{"start":{"line":26,"column":36},"end":{"line":26,"column":39}},{"start":{"line":26,"column":42},"end":{"line":26,"column":45}}],"line":26},"3":{"loc":{"start":{"line":29,"column":17},"end":{"line":29,"column":55}},"type":"cond-expr","locations":[{"start":{"line":29,"column":27},"end":{"line":29,"column":40}},{"start":{"line":29,"column":43},"end":{"line":29,"column":55}}],"line":29},"4":{"loc":{"start":{"line":46,"column":2},"end":{"line":48,"column":3}},"type":"if","locations":[{"start":{"line":46,"column":2},"end":{"line":48,"column":3}},{"start":{},"end":{}}],"line":46}},"s":{"0":0,"1":0,"2":0,"3":0,"4":0,"5":0,"6":0,"7":0,"8":0,"9":0,"10":0,"11":0,"12":0,"13":0,"14":0,"15":0,"16":0,"17":0,"18":0,"19":0,"20":0,"21":0},"f":{"0":0,"1":0,"2":0,"3":0,"4":0,"5":0,"6":0},"b":{"0":[0,0],"1":[0,0],"2":[0,0],"3":[0,0],"4":[0,0]}}
,"C:\\Users\\Dato\\projects\\business\\react-native-jumpstart\\src\\stores\\app.store.ts": {"path":"C:\\Users\\Dato\\projects\\business\\react-native-jumpstart\\src\\stores\\app.store.ts","statementMap":{"0":{"start":{"line":22,"column":21},"end":{"line":28,"column":1}},"1":{"start":{"line":30,"column":27},"end":{"line":52,"column":1}},"2":{"start":{"line":32,"column":14},"end":{"line":46,"column":5}},"3":{"start":{"line":35,"column":27},"end":{"line":35,"column":41}},"4":{"start":{"line":37,"column":33},"end":{"line":37,"column":50}},"5":{"start":{"line":39,"column":37},"end":{"line":39,"column":57}},"6":{"start":{"line":41,"column":45},"end":{"line":41,"column":68}},"7":{"start":{"line":43,"column":33},"end":{"line":43,"column":51}},"8":{"start":{"line":45,"column":19},"end":{"line":45,"column":36}},"9":{"start":{"line":49,"column":39},"end":{"line":49,"column":51}}},"fnMap":{"0":{"name":"(anonymous_0)","decl":{"start":{"line":32,"column":4},"end":{"line":32,"column":5}},"loc":{"start":{"line":32,"column":14},"end":{"line":46,"column":5}},"line":32},"1":{"name":"(anonymous_1)","decl":{"start":{"line":35,"column":16},"end":{"line":35,"column":17}},"loc":{"start":{"line":35,"column":27},"end":{"line":35,"column":41}},"line":35},"2":{"name":"(anonymous_2)","decl":{"start":{"line":37,"column":19},"end":{"line":37,"column":20}},"loc":{"start":{"line":37,"column":33},"end":{"line":37,"column":50}},"line":37},"3":{"name":"(anonymous_3)","decl":{"start":{"line":39,"column":20},"end":{"line":39,"column":21}},"loc":{"start":{"line":39,"column":37},"end":{"line":39,"column":57}},"line":39},"4":{"name":"(anonymous_4)","decl":{"start":{"line":41,"column":25},"end":{"line":41,"column":26}},"loc":{"start":{"line":41,"column":45},"end":{"line":41,"column":68}},"line":41},"5":{"name":"(anonymous_5)","decl":{"start":{"line":43,"column":18},"end":{"line":43,"column":19}},"loc":{"start":{"line":43,"column":33},"end":{"line":43,"column":51}},"line":43},"6":{"name":"(anonymous_6)","decl":{"start":{"line":45,"column":13},"end":{"line":45,"column":14}},"loc":{"start":{"line":45,"column":19},"end":{"line":45,"column":36}},"line":45},"7":{"name":"(anonymous_7)","decl":{"start":{"line":49,"column":33},"end":{"line":49,"column":34}},"loc":{"start":{"line":49,"column":39},"end":{"line":49,"column":51}},"line":49}},"branchMap":{},"s":{"0":1,"1":1,"2":1,"3":5,"4":4,"5":4,"6":4,"7":4,"8":1,"9":1},"f":{"0":1,"1":5,"2":4,"3":4,"4":4,"5":4,"6":1,"7":1},"b":{},"_coverageSchema":"1a1c01bbd47fc00a2c39e90264f33305004495a9","hash":"c56be5395032f3cd2c539036d481f14cd29b9195"}
,"C:\\Users\\Dato\\projects\\business\\react-native-jumpstart\\src\\stores\\auth.store.ts": {"path":"C:\\Users\\Dato\\projects\\business\\react-native-jumpstart\\src\\stores\\auth.store.ts","statementMap":{"0":{"start":{"line":15,"column":28},"end":{"line":46,"column":1}},"1":{"start":{"line":17,"column":14},"end":{"line":35,"column":5}},"2":{"start":{"line":23,"column":8},"end":{"line":26,"column":10}},"3":{"start":{"line":28,"column":33},"end":{"line":28,"column":51}},"4":{"start":{"line":31,"column":8},"end":{"line":34,"column":10}},"5":{"start":{"line":38,"column":39},"end":{"line":38,"column":51}},"6":{"start":{"line":39,"column":30},"end":{"line":43,"column":7}}},"fnMap":{"0":{"name":"(anonymous_0)","decl":{"start":{"line":17,"column":4},"end":{"line":17,"column":5}},"loc":{"start":{"line":17,"column":14},"end":{"line":35,"column":5}},"line":17},"1":{"name":"(anonymous_1)","decl":{"start":{"line":22,"column":15},"end":{"line":22,"column":16}},"loc":{"start":{"line":23,"column":8},"end":{"line":26,"column":10}},"line":23},"2":{"name":"(anonymous_2)","decl":{"start":{"line":28,"column":18},"end":{"line":28,"column":19}},"loc":{"start":{"line":28,"column":33},"end":{"line":28,"column":51}},"line":28},"3":{"name":"(anonymous_3)","decl":{"start":{"line":30,"column":14},"end":{"line":30,"column":15}},"loc":{"start":{"line":31,"column":8},"end":{"line":34,"column":10}},"line":31},"4":{"name":"(anonymous_4)","decl":{"start":{"line":38,"column":33},"end":{"line":38,"column":34}},"loc":{"start":{"line":38,"column":39},"end":{"line":38,"column":51}},"line":38},"5":{"name":"(anonymous_5)","decl":{"start":{"line":39,"column":18},"end":{"line":39,"column":19}},"loc":{"start":{"line":39,"column":30},"end":{"line":43,"column":7}},"line":39}},"branchMap":{},"s":{"0":1,"1":1,"2":4,"3":4,"4":2,"5":1,"6":19},"f":{"0":1,"1":4,"2":4,"3":2,"4":1,"5":19},"b":{},"_coverageSchema":"1a1c01bbd47fc00a2c39e90264f33305004495a9","hash":"a0fe416377561162e8fd1f88bda12db50ab3907a"}
,"C:\\Users\\Dato\\projects\\business\\react-native-jumpstart\\src\\utils\\cn.ts": {"path":"C:\\Users\\Dato\\projects\\business\\react-native-jumpstart\\src\\utils\\cn.ts","statementMap":{"0":{"start":{"line":5,"column":2},"end":{"line":5,"column":31}}},"fnMap":{"0":{"name":"cn","decl":{"start":{"line":4,"column":16},"end":{"line":4,"column":18}},"loc":{"start":{"line":4,"column":44},"end":{"line":6,"column":1}},"line":4}},"branchMap":{},"s":{"0":13},"f":{"0":13},"b":{},"_coverageSchema":"1a1c01bbd47fc00a2c39e90264f33305004495a9","hash":"1584224c2d7aa93a8880d7d7e6ec390d5964083b"}
,"C:\\Users\\Dato\\projects\\business\\react-native-jumpstart\\src\\utils\\storage.ts": {"path":"C:\\Users\\Dato\\projects\\business\\react-native-jumpstart\\src\\utils\\storage.ts","statementMap":{"0":{"start":{"line":6,"column":29},"end":{"line":43,"column":1}},"1":{"start":{"line":8,"column":4},"end":{"line":11,"column":5}},"2":{"start":{"line":10,"column":6},"end":{"line":10,"column":39}},"3":{"start":{"line":12,"column":4},"end":{"line":17,"column":5}},"4":{"start":{"line":13,"column":6},"end":{"line":13,"column":49}},"5":{"start":{"line":15,"column":6},"end":{"line":15,"column":57}},"6":{"start":{"line":16,"column":6},"end":{"line":16,"column":18}},"7":{"start":{"line":21,"column":4},"end":{"line":24,"column":5}},"8":{"start":{"line":22,"column":6},"end":{"line":22,"column":45}},"9":{"start":{"line":23,"column":6},"end":{"line":23,"column":13}},"10":{"start":{"line":25,"column":4},"end":{"line":29,"column":5}},"11":{"start":{"line":26,"column":6},"end":{"line":26,"column":49}},"12":{"start":{"line":28,"column":6},"end":{"line":28,"column":57}},"13":{"start":{"line":33,"column":4},"end":{"line":36,"column":5}},"14":{"start":{"line":34,"column":6},"end":{"line":34,"column":41}},"15":{"start":{"line":35,"column":6},"end":{"line":35,"column":13}},"16":{"start":{"line":37,"column":4},"end":{"line":41,"column":5}},"17":{"start":{"line":38,"column":6},"end":{"line":38,"column":45}},"18":{"start":{"line":40,"column":6},"end":{"line":40,"column":60}},"19":{"start":{"line":46,"column":23},"end":{"line":88,"column":1}},"20":{"start":{"line":48,"column":4},"end":{"line":53,"column":5}},"21":{"start":{"line":49,"column":6},"end":{"line":49,"column":45}},"22":{"start":{"line":51,"column":6},"end":{"line":51,"column":58}},"23":{"start":{"line":52,"column":6},"end":{"line":52,"column":18}},"24":{"start":{"line":57,"column":4},"end":{"line":61,"column":5}},"25":{"start":{"line":58,"column":6},"end":{"line":58,"column":45}},"26":{"start":{"line":60,"column":6},"end":{"line":60,"column":58}},"27":{"start":{"line":65,"column":4},"end":{"line":69,"column":5}},"28":{"start":{"line":66,"column":6},"end":{"line":66,"column":41}},"29":{"start":{"line":68,"column":6},"end":{"line":68,"column":61}},"30":{"start":{"line":73,"column":4},"end":{"line":77,"column":5}},"31":{"start":{"line":74,"column":6},"end":{"line":74,"column":33}},"32":{"start":{"line":76,"column":6},"end":{"line":76,"column":56}},"33":{"start":{"line":81,"column":4},"end":{"line":86,"column":5}},"34":{"start":{"line":82,"column":6},"end":{"line":82,"column":45}},"35":{"start":{"line":84,"column":6},"end":{"line":84,"column":61}},"36":{"start":{"line":85,"column":6},"end":{"line":85,"column":16}},"37":{"start":{"line":91,"column":28},"end":{"line":98,"column":10}}},"fnMap":{"0":{"name":"(anonymous_0)","decl":{"start":{"line":7,"column":2},"end":{"line":7,"column":3}},"loc":{"start":{"line":7,"column":53},"end":{"line":18,"column":3}},"line":7},"1":{"name":"(anonymous_1)","decl":{"start":{"line":20,"column":2},"end":{"line":20,"column":3}},"loc":{"start":{"line":20,"column":59},"end":{"line":30,"column":3}},"line":20},"2":{"name":"(anonymous_2)","decl":{"start":{"line":32,"column":2},"end":{"line":32,"column":3}},"loc":{"start":{"line":32,"column":47},"end":{"line":42,"column":3}},"line":32},"3":{"name":"(anonymous_3)","decl":{"start":{"line":47,"column":2},"end":{"line":47,"column":3}},"loc":{"start":{"line":47,"column":53},"end":{"line":54,"column":3}},"line":47},"4":{"name":"(anonymous_4)","decl":{"start":{"line":56,"column":2},"end":{"line":56,"column":3}},"loc":{"start":{"line":56,"column":59},"end":{"line":62,"column":3}},"line":56},"5":{"name":"(anonymous_5)","decl":{"start":{"line":64,"column":2},"end":{"line":64,"column":3}},"loc":{"start":{"line":64,"column":47},"end":{"line":70,"column":3}},"line":64},"6":{"name":"(anonymous_6)","decl":{"start":{"line":72,"column":2},"end":{"line":72,"column":3}},"loc":{"start":{"line":72,"column":31},"end":{"line":78,"column":3}},"line":72},"7":{"name":"(anonymous_7)","decl":{"start":{"line":80,"column":2},"end":{"line":80,"column":3}},"loc":{"start":{"line":80,"column":49},"end":{"line":87,"column":3}},"line":80}},"branchMap":{"0":{"loc":{"start":{"line":8,"column":4},"end":{"line":11,"column":5}},"type":"if","locations":[{"start":{"line":8,"column":4},"end":{"line":11,"column":5}},{"start":{},"end":{}}],"line":8},"1":{"loc":{"start":{"line":21,"column":4},"end":{"line":24,"column":5}},"type":"if","locations":[{"start":{"line":21,"column":4},"end":{"line":24,"column":5}},{"start":{},"end":{}}],"line":21},"2":{"loc":{"start":{"line":33,"column":4},"end":{"line":36,"column":5}},"type":"if","locations":[{"start":{"line":33,"column":4},"end":{"line":36,"column":5}},{"start":{},"end":{}}],"line":33}},"s":{"0":1,"1":4,"2":1,"3":3,"4":3,"5":1,"6":1,"7":3,"8":1,"9":1,"10":2,"11":2,"12":1,"13":2,"14":1,"15":1,"16":1,"17":1,"18":0,"19":1,"20":2,"21":2,"22":1,"23":1,"24":2,"25":2,"26":1,"27":1,"28":1,"29":0,"30":1,"31":1,"32":0,"33":2,"34":2,"35":1,"36":1,"37":1},"f":{"0":4,"1":3,"2":2,"3":2,"4":2,"5":1,"6":1,"7":2},"b":{"0":[1,3],"1":[1,2],"2":[1,1]},"_coverageSchema":"1a1c01bbd47fc00a2c39e90264f33305004495a9","hash":"e4c4034ca6124fe4764e145a7f71c5d156c9afa7"}
}
